Log file open, 06/08/20 16:00:35
LogWindows: Failed to load 'aqProf.dll' (GetLastError=126)
LogWindows: File 'aqProf.dll' does not exist
LogWindows: Failed to load 'VtuneApi.dll' (GetLastError=126)
LogWindows: File 'VtuneApi.dll' does not exist
LogWindows: Failed to load 'VtuneApi32e.dll' (GetLastError=126)
LogWindows: File 'VtuneApi32e.dll' does not exist
LogConsoleResponse: Display: Failed to find resolution value strings in scalability ini. Falling back to default.
LogInit: Display: Running engine for game: Sequencer
LogPlatformFile: Not using cached read wrapper
LogTaskGraph: Started task graph with 5 named threads and 23 total threads with 3 sets of task threads.
LogStats: Stats thread started at 28.500906
LogD3D11RHI: Loaded GFSDK_Aftermath_Lib.x64.dll
LogICUInternationalization: ICU TimeZone Detection - Raw Offset: -8:00, Platform Override: ''
LogPluginManager: Mounting plugin Paper2D
LogPluginManager: Mounting plugin AISupport
LogPluginManager: Mounting plugin LightPropagationVolume
LogPluginManager: Mounting plugin ActorLayerUtilities
LogPluginManager: Mounting plugin AnimationSharing
LogPluginManager: Mounting plugin CLionSourceCodeAccess
LogPluginManager: Mounting plugin CodeLiteSourceCodeAccess
LogPluginManager: Mounting plugin GitSourceControl
LogPluginManager: Mounting plugin KDevelopSourceCodeAccess
LogPluginManager: Mounting plugin NullSourceCodeAccess
LogPluginManager: Mounting plugin PerforceSourceControl
LogPluginManager: Mounting plugin SubversionSourceControl
LogPluginManager: Mounting plugin UObjectPlugin
LogPluginManager: Mounting plugin VisualStudioCodeSourceCodeAccess
LogPluginManager: Mounting plugin VisualStudioSourceCodeAccess
LogPluginManager: Mounting plugin XCodeSourceCodeAccess
LogPluginManager: Mounting plugin AssetManagerEditor
LogPluginManager: Mounting plugin CryptoKeys
LogPluginManager: Mounting plugin CurveEditorTools
LogPluginManager: Mounting plugin DataValidation
LogPluginManager: Mounting plugin FacialAnimation
LogPluginManager: Mounting plugin GameplayTagsEditor
LogPluginManager: Mounting plugin MacGraphicsSwitching
LogPluginManager: Mounting plugin MaterialAnalyzer
LogPluginManager: Mounting plugin MobileLauncherProfileWizard
LogPluginManager: Mounting plugin PluginBrowser
LogPluginManager: Mounting plugin SpeedTreeImporter
LogPluginManager: Mounting plugin DatasmithContent
LogPluginManager: Mounting plugin VariantManagerContent
LogPluginManager: Mounting plugin AlembicImporter
LogPluginManager: Mounting plugin AutomationUtils
LogPluginManager: Mounting plugin BackChannel
LogPluginManager: Mounting plugin CharacterAI
LogPluginManager: Mounting plugin GeometryCache
LogPluginManager: Mounting plugin HTML5Networking
LogPluginManager: Mounting plugin PlatformCrypto
LogPluginManager: Mounting plugin ProxyLODPlugin
LogPluginManager: Mounting plugin SkeletalReduction
LogPluginManager: Mounting plugin MagicLeap
LogPluginManager: Mounting plugin MagicLeapMedia
LogPluginManager: Mounting plugin AndroidMedia
LogPluginManager: Mounting plugin AvfMedia
LogPluginManager: Mounting plugin ImgMedia
LogPluginManager: Mounting plugin MediaCompositing
LogPluginManager: Mounting plugin MediaPlayerEditor
LogPluginManager: Mounting plugin WebMMedia
LogPluginManager: Mounting plugin WmfMedia
LogPluginManager: Mounting plugin TcpMessaging
LogPluginManager: Mounting plugin UdpMessaging
LogPluginManager: Mounting plugin ActorSequence
LogPluginManager: Mounting plugin LevelSequenceEditor
LogPluginManager: Mounting plugin MatineeToLevelSequence
LogPluginManager: Mounting plugin NetcodeUnitTest
LogPluginManager: Mounting plugin NUTUnrealEngine4
LogPluginManager: Mounting plugin OnlineSubsystemGooglePlay
LogPluginManager: Mounting plugin OnlineSubsystemIOS
LogPluginManager: Mounting plugin OnlineSubsystem
LogPluginManager: Mounting plugin OnlineSubsystemNull
LogPluginManager: Mounting plugin OnlineSubsystemUtils
LogPluginManager: Mounting plugin PerformanceMonitor
LogPluginManager: Mounting plugin LauncherChunkInstaller
LogPluginManager: Mounting plugin AndroidDeviceProfileSelector
LogPluginManager: Mounting plugin AndroidMoviePlayer
LogPluginManager: Mounting plugin AndroidPermission
LogPluginManager: Mounting plugin AppleImageUtils
LogPluginManager: Mounting plugin AppleMoviePlayer
LogPluginManager: Mounting plugin ArchVisCharacter
LogPluginManager: Mounting plugin AudioCapture
LogPluginManager: Mounting plugin CableComponent
LogPluginManager: Mounting plugin CustomMeshComponent
LogPluginManager: Mounting plugin EditableMesh
LogPluginManager: Mounting plugin ExampleDeviceProfileSelector
LogPluginManager: Mounting plugin GoogleCloudMessaging
LogPluginManager: Mounting plugin IOSDeviceProfileSelector
LogPluginManager: Mounting plugin LinuxDeviceProfileSelector
LogPluginManager: Mounting plugin LocationServicesBPLibrary
LogPluginManager: Mounting plugin MobilePatchingUtils
LogPluginManager: Mounting plugin OculusVR
LogPluginManager: Mounting plugin PhysXVehicles
LogPluginManager: Mounting plugin ProceduralMeshComponent
LogPluginManager: Mounting plugin RuntimePhysXCooking
LogPluginManager: Mounting plugin SignificanceManager
LogPluginManager: Mounting plugin SteamVR
LogPluginManager: Mounting plugin WebMMoviePlayer
LogPluginManager: Mounting plugin WindowsMoviePlayer
LogPluginManager: Mounting plugin ScreenshotTools
LogInit: Using libcurl 7.55.1-DEV
LogInit:  - built for x86_64-pc-win32
LogInit:  - supports SSL with OpenSSL/1.1.1
LogInit:  - supports HTTP deflate (compression) using libz 1.2.8
LogInit:  - other features:
LogInit:      CURL_VERSION_SSL
LogInit:      CURL_VERSION_LIBZ
LogInit:      CURL_VERSION_IPV6
LogInit:      CURL_VERSION_ASYNCHDNS
LogInit:      CURL_VERSION_LARGEFILE
LogInit:      CURL_VERSION_IDN
LogInit:  CurlRequestOptions (configurable via config and command line):
LogInit:  - bVerifyPeer = true  - Libcurl will verify peer certificate
LogInit:  - bUseHttpProxy = false  - Libcurl will NOT use HTTP proxy
LogInit:  - bDontReuseConnections = false  - Libcurl will reuse connections
LogInit:  - MaxHostConnections = 16  - Libcurl will limit the number of connections to a host
LogInit:  - LocalHostAddr = Default
LogInit:  - BufferSize = 65536
LogOnline: OSS: Creating online subsystem instance for: NULL
LogInit: WinSock: version 1.1 (2.2), MaxSocks=32767, MaxUdp=65467
LogInit: Build: ++UE4+Release-4.23-CL-9631420
LogInit: Engine Version: 4.23.1-9631420+++UE4+Release-4.23
LogInit: Compatible Engine Version: 4.23.0-8386587+++UE4+Release-4.23
LogInit: Net CL: 8386587
LogInit: OS: Windows 10 (Release 1909) (), CPU: Intel(R) Core(TM) i5-8250U CPU @ 1.60GHz, GPU: Intel(R) UHD Graphics 620
LogInit: Compiled (64-bit): Oct 18 2019 02:07:44
LogInit: Compiled with Visual C++: 19.16.27030.01
LogInit: Build Configuration: Development
LogInit: Branch Name: ++UE4+Release-4.23
LogInit: Command Line: 
LogInit: Base Directory: G:/applications/UE_4.23/Engine/Binaries/Win64/
LogInit: Installed Engine Build: 1
LogDevObjectVersion: Number of dev versions registered: 23
LogDevObjectVersion:   Dev-Blueprints (B0D832E4-1F89-4F0D-ACCF-7EB736FD4AA2): 10
LogDevObjectVersion:   Dev-Build (E1C64328-A22C-4D53-A36C-8E866417BD8C): 0
LogDevObjectVersion:   Dev-Core (375EC13C-06E4-48FB-B500-84F0262A717E): 3
LogDevObjectVersion:   Dev-Editor (E4B068ED-F494-42E9-A231-DA0B2E46BB41): 34
LogDevObjectVersion:   Dev-Framework (CFFC743F-43B0-4480-9391-14DF171D2073): 35
LogDevObjectVersion:   Dev-Mobile (B02B49B5-BB20-44E9-A304-32B752E40360): 2
LogDevObjectVersion:   Dev-Networking (A4E4105C-59A1-49B5-A7C5-40C4547EDFEE): 0
LogDevObjectVersion:   Dev-Online (39C831C9-5AE6-47DC-9A44-9C173E1C8E7C): 0
LogDevObjectVersion:   Dev-Physics (78F01B33-EBEA-4F98-B9B4-84EACCB95AA2): 0
LogDevObjectVersion:   Dev-Platform (6631380F-2D4D-43E0-8009-CF276956A95A): 0
LogDevObjectVersion:   Dev-Rendering (12F88B9F-8875-4AFC-A67C-D90C383ABD29): 31
LogDevObjectVersion:   Dev-Sequencer (7B5AE74C-D270-4C10-A958-57980B212A5A): 11
LogDevObjectVersion:   Dev-VR (D7296918-1DD6-4BDD-9DE2-64A83CC13884): 2
LogDevObjectVersion:   Dev-LoadTimes (C2A15278-BFE7-4AFE-6C17-90FF531DF755): 1
LogDevObjectVersion:   Private-Geometry (6EACA3D4-40EC-4CC1-B786-8BED09428FC5): 3
LogDevObjectVersion:   Dev-AnimPhys (29E575DD-E0A3-4627-9D10-D276232CDCEA): 17
LogDevObjectVersion:   Dev-Anim (AF43A65D-7FD3-4947-9873-3E8ED9C1BB05): 2
LogDevObjectVersion:   Dev-ReflectionCapture (6B266CEC-1EC7-4B8F-A30B-E4D90942FC07): 1
LogDevObjectVersion:   Dev-Automation (0DF73D61-A23F-47EA-B727-89E90C41499A): 1
LogDevObjectVersion:   FortniteMain (601D1886-AC64-4F84-AA16-D3DE0DEAC7D6): 27
LogDevObjectVersion:   Dev-Enterprise (9DFFBCD6-494F-0158-E221-12823C92A888): 6
LogDevObjectVersion:   Dev-Niagara (F2AED0AC-9AFE-416F-8664-AA7FFA26D6FC): 1
LogDevObjectVersion:   Dev-Destruction (174F1F0B-B4C6-45A5-B13F-2EE8D0FB917D): 9
LogInit: Presizing for max 16777216 objects, including 0 objects not considered by GC, pre-allocating 0 bytes for permanent pool.
LogInit: Object subsystem initialized
LogConfig: Setting CVar [[con.DebugEarlyDefault:1]]
LogConfig: Setting CVar [[r.setres:1280x720]]
[2020.06.08-23.00.55:364][  0]LogConfig: Setting CVar [[r.VSync:0]]
[2020.06.08-23.00.55:364][  0]LogConfig: Setting CVar [[r.RHICmdBypass:0]]
[2020.06.08-23.00.55:366][  0]LogConfig: Applying CVar settings from Section [/Script/Engine.RendererSettings] File [G:/UE4/First try/Sequencer/Saved/Config/Windows/Engine.ini]
[2020.06.08-23.00.55:366][  0]LogConfig: Setting CVar [[r.GPUCrashDebugging:0]]
[2020.06.08-23.00.55:366][  0]LogConfig: Setting CVar [[r.TonemapperFilm:0]]
[2020.06.08-23.00.55:366][  0]LogConfig: Applying CVar settings from Section [/Script/Engine.RendererOverrideSettings] File [G:/UE4/First try/Sequencer/Saved/Config/Windows/Engine.ini]
[2020.06.08-23.00.55:366][  0]LogConfig: Applying CVar settings from Section [/Script/Engine.StreamingSettings] File [G:/UE4/First try/Sequencer/Saved/Config/Windows/Engine.ini]
[2020.06.08-23.00.55:366][  0]LogConfig: Setting CVar [[s.MinBulkDataSizeForAsyncLoading:131072]]
[2020.06.08-23.00.55:366][  0]LogConfig: Setting CVar [[s.AsyncLoadingThreadEnabled:0]]
[2020.06.08-23.00.55:366][  0]LogConfig: Setting CVar [[s.EventDrivenLoaderEnabled:1]]
[2020.06.08-23.00.55:366][  0]LogConfig: Setting CVar [[s.WarnIfTimeLimitExceeded:0]]
[2020.06.08-23.00.55:366][  0]LogConfig: Setting CVar [[s.TimeLimitExceededMultiplier:1.5]]
[2020.06.08-23.00.55:366][  0]LogConfig: Setting CVar [[s.TimeLimitExceededMinTime:0.005]]
[2020.06.08-23.00.55:366][  0]LogConfig: Setting CVar [[s.UseBackgroundLevelStreaming:1]]
[2020.06.08-23.00.55:366][  0]LogConfig: Setting CVar [[s.PriorityAsyncLoadingExtraTime:15.0]]
[2020.06.08-23.00.55:366][  0]LogConfig: Setting CVar [[s.LevelStreamingActorsUpdateTimeLimit:5.0]]
[2020.06.08-23.00.55:366][  0]LogConfig: Setting CVar [[s.PriorityLevelStreamingActorsUpdateExtraTime:5.0]]
[2020.06.08-23.00.55:366][  0]LogConfig: Setting CVar [[s.LevelStreamingComponentsRegistrationGranularity:10]]
[2020.06.08-23.00.55:366][  0]LogConfig: Setting CVar [[s.UnregisterComponentsTimeLimit:1.0]]
[2020.06.08-23.00.55:366][  0]LogConfig: Setting CVar [[s.LevelStreamingComponentsUnregistrationGranularity:5]]
[2020.06.08-23.00.55:367][  0]LogConfig: Applying CVar settings from Section [/Script/Engine.GarbageCollectionSettings] File [G:/UE4/First try/Sequencer/Saved/Config/Windows/Engine.ini]
[2020.06.08-23.00.55:367][  0]LogConfig: Setting CVar [[gc.MaxObjectsNotConsideredByGC:1]]
[2020.06.08-23.00.55:367][  0]LogConfig: Setting CVar [[gc.SizeOfPermanentObjectPool:0]]
[2020.06.08-23.00.55:367][  0]LogConfig: Setting CVar [[gc.FlushStreamingOnGC:0]]
[2020.06.08-23.00.55:367][  0]LogConfig: Setting CVar [[gc.NumRetriesBeforeForcingGC:10]]
[2020.06.08-23.00.55:367][  0]LogConfig: Setting CVar [[gc.AllowParallelGC:1]]
[2020.06.08-23.00.55:367][  0]LogConfig: Setting CVar [[gc.TimeBetweenPurgingPendingKillObjects:61.1]]
[2020.06.08-23.00.55:367][  0]LogConfig: Setting CVar [[gc.MaxObjectsInEditor:16777216]]
[2020.06.08-23.00.55:367][  0]LogConfig: Setting CVar [[gc.IncrementalBeginDestroyEnabled:1]]
[2020.06.08-23.00.55:367][  0]LogConfig: Setting CVar [[gc.CreateGCClusters:1]]
[2020.06.08-23.00.55:367][  0]LogConfig: Setting CVar [[gc.MinGCClusterSize:5]]
[2020.06.08-23.00.55:367][  0]LogConfig: Setting CVar [[gc.ActorClusteringEnabled:0]]
[2020.06.08-23.00.55:367][  0]LogConfig: Setting CVar [[gc.BlueprintClusteringEnabled:0]]
[2020.06.08-23.00.55:367][  0]LogConfig: Setting CVar [[gc.UseDisregardForGCOnDedicatedServers:0]]
[2020.06.08-23.00.55:367][  0]LogConfig: Applying CVar settings from Section [/Script/Engine.NetworkSettings] File [G:/UE4/First try/Sequencer/Saved/Config/Windows/Engine.ini]
[2020.06.08-23.00.55:367][  0]LogConfig: Applying CVar settings from Section [/Script/UnrealEd.CookerSettings] File [G:/UE4/First try/Sequencer/Saved/Config/Windows/Engine.ini]
[2020.06.08-23.00.55:634][  0]LogConfig: Applying CVar settings from Section [ViewDistanceQuality@3] File [G:/UE4/First try/Sequencer/Saved/Config/Windows/Scalability.ini]
[2020.06.08-23.00.55:634][  0]LogConfig: Setting CVar [[r.SkeletalMeshLODBias:0]]
[2020.06.08-23.00.55:634][  0]LogConfig: Setting CVar [[r.ViewDistanceScale:1.0]]
[2020.06.08-23.00.55:634][  0]LogConfig: Applying CVar settings from Section [AntiAliasingQuality@3] File [G:/UE4/First try/Sequencer/Saved/Config/Windows/Scalability.ini]
[2020.06.08-23.00.55:634][  0]LogConfig: Setting CVar [[r.PostProcessAAQuality:4]]
[2020.06.08-23.00.55:634][  0]LogConfig: Applying CVar settings from Section [ShadowQuality@3] File [G:/UE4/First try/Sequencer/Saved/Config/Windows/Scalability.ini]
[2020.06.08-23.00.55:635][  0]LogConfig: Setting CVar [[r.LightFunctionQuality:1]]
[2020.06.08-23.00.55:635][  0]LogConfig: Setting CVar [[r.ShadowQuality:5]]
[2020.06.08-23.00.55:635][  0]LogConfig: Setting CVar [[r.Shadow.CSM.MaxCascades:10]]
[2020.06.08-23.00.55:635][  0]LogConfig: Setting CVar [[r.Shadow.MaxResolution:2048]]
[2020.06.08-23.00.55:635][  0]LogConfig: Setting CVar [[r.Shadow.MaxCSMResolution:2048]]
[2020.06.08-23.00.55:635][  0]LogConfig: Setting CVar [[r.Shadow.RadiusThreshold:0.01]]
[2020.06.08-23.00.55:635][  0]LogConfig: Setting CVar [[r.Shadow.DistanceScale:1.0]]
[2020.06.08-23.00.55:635][  0]LogConfig: Setting CVar [[r.Shadow.CSM.TransitionScale:1.0]]
[2020.06.08-23.00.55:635][  0]LogConfig: Setting CVar [[r.Shadow.PreShadowResolutionFactor:1.0]]
[2020.06.08-23.00.55:635][  0]LogConfig: Setting CVar [[r.DistanceFieldShadowing:1]]
[2020.06.08-23.00.55:635][  0]LogConfig: Setting CVar [[r.DistanceFieldAO:1]]
[2020.06.08-23.00.55:635][  0]LogConfig: Setting CVar [[r.AOQuality:2]]
[2020.06.08-23.00.55:635][  0]LogConfig: Setting CVar [[r.VolumetricFog:1]]
[2020.06.08-23.00.55:635][  0]LogConfig: Setting CVar [[r.VolumetricFog.GridPixelSize:8]]
[2020.06.08-23.00.55:635][  0]LogConfig: Setting CVar [[r.VolumetricFog.GridSizeZ:128]]
[2020.06.08-23.00.55:635][  0]LogConfig: Setting CVar [[r.VolumetricFog.HistoryMissSupersampleCount:4]]
[2020.06.08-23.00.55:635][  0]LogConfig: Setting CVar [[r.LightMaxDrawDistanceScale:1]]
[2020.06.08-23.00.55:635][  0]LogConfig: Setting CVar [[r.CapsuleShadows:1]]
[2020.06.08-23.00.55:635][  0]LogConfig: Applying CVar settings from Section [PostProcessQuality@3] File [G:/UE4/First try/Sequencer/Saved/Config/Windows/Scalability.ini]
[2020.06.08-23.00.55:635][  0]LogConfig: Setting CVar [[r.MotionBlurQuality:4]]
[2020.06.08-23.00.55:635][  0]LogConfig: Setting CVar [[r.AmbientOcclusionMipLevelFactor:0.4]]
[2020.06.08-23.00.55:635][  0]LogConfig: Setting CVar [[r.AmbientOcclusionMaxQuality:100]]
[2020.06.08-23.00.55:635][  0]LogConfig: Setting CVar [[r.AmbientOcclusionLevels:-1]]
[2020.06.08-23.00.55:635][  0]LogConfig: Setting CVar [[r.AmbientOcclusionRadiusScale:1.0]]
[2020.06.08-23.00.55:635][  0]LogConfig: Setting CVar [[r.DepthOfFieldQuality:2]]
[2020.06.08-23.00.55:635][  0]LogConfig: Setting CVar [[r.RenderTargetPoolMin:400]]
[2020.06.08-23.00.55:635][  0]LogConfig: Setting CVar [[r.LensFlareQuality:2]]
[2020.06.08-23.00.55:635][  0]LogConfig: Setting CVar [[r.SceneColorFringeQuality:1]]
[2020.06.08-23.00.55:635][  0]LogConfig: Setting CVar [[r.EyeAdaptationQuality:2]]
[2020.06.08-23.00.55:635][  0]LogConfig: Setting CVar [[r.BloomQuality:5]]
[2020.06.08-23.00.55:635][  0]LogConfig: Setting CVar [[r.FastBlurThreshold:100]]
[2020.06.08-23.00.55:635][  0]LogConfig: Setting CVar [[r.Upscale.Quality:3]]
[2020.06.08-23.00.55:635][  0]LogConfig: Setting CVar [[r.Tonemapper.GrainQuantization:1]]
[2020.06.08-23.00.55:635][  0]LogConfig: Setting CVar [[r.LightShaftQuality:1]]
[2020.06.08-23.00.55:635][  0]LogConfig: Setting CVar [[r.Filter.SizeScale:1]]
[2020.06.08-23.00.55:635][  0]LogConfig: Setting CVar [[r.Tonemapper.Quality:5]]
[2020.06.08-23.00.55:635][  0]LogConfig: Setting CVar [[r.DOF.Gather.AccumulatorQuality:1        ; higher gathering accumulator quality]]
[2020.06.08-23.00.55:635][  0]LogConfig: Setting CVar [[r.DOF.Gather.PostfilterMethod:1          ; Median3x3 postfilering method]]
[2020.06.08-23.00.55:635][  0]LogConfig: Setting CVar [[r.DOF.Gather.EnableBokehSettings:0       ; no bokeh simulation when gathering]]
[2020.06.08-23.00.55:635][  0]LogConfig: Setting CVar [[r.DOF.Gather.RingCount:4                 ; medium number of samples when gathering]]
[2020.06.08-23.00.55:635][  0]LogConfig: Setting CVar [[r.DOF.Scatter.ForegroundCompositing:1    ; additive foreground scattering]]
[2020.06.08-23.00.55:635][  0]LogConfig: Setting CVar [[r.DOF.Scatter.BackgroundCompositing:2    ; additive background scattering]]
[2020.06.08-23.00.55:635][  0]LogConfig: Setting CVar [[r.DOF.Scatter.EnableBokehSettings:1      ; bokeh simulation when scattering]]
[2020.06.08-23.00.55:635][  0]LogConfig: Setting CVar [[r.DOF.Scatter.MaxSpriteRatio:0.1         ; only a maximum of 10% of scattered bokeh]]
[2020.06.08-23.00.55:635][  0]LogConfig: Setting CVar [[r.DOF.Recombine.Quality:1                ; cheap slight out of focus]]
[2020.06.08-23.00.55:635][  0]LogConfig: Setting CVar [[r.DOF.Recombine.EnableBokehSettings:0    ; no bokeh simulation on slight out of focus]]
[2020.06.08-23.00.55:635][  0]LogConfig: Setting CVar [[r.DOF.TemporalAAQuality:1                ; more stable temporal accumulation]]
[2020.06.08-23.00.55:635][  0]LogConfig: Setting CVar [[r.DOF.Kernel.MaxForegroundRadius:0.025]]
[2020.06.08-23.00.55:635][  0]LogConfig: Setting CVar [[r.DOF.Kernel.MaxBackgroundRadius:0.025]]
[2020.06.08-23.00.55:635][  0]LogConfig: Applying CVar settings from Section [TextureQuality@3] File [G:/UE4/First try/Sequencer/Saved/Config/Windows/Scalability.ini]
[2020.06.08-23.00.55:635][  0]LogConfig: Setting CVar [[r.Streaming.MipBias:0]]
[2020.06.08-23.00.55:635][  0]LogConfig: Setting CVar [[r.Streaming.AmortizeCPUToGPUCopy:0]]
[2020.06.08-23.00.55:635][  0]LogConfig: Setting CVar [[r.Streaming.MaxNumTexturesToStreamPerFrame:0]]
[2020.06.08-23.00.55:635][  0]LogConfig: Setting CVar [[r.Streaming.Boost:1]]
[2020.06.08-23.00.55:635][  0]LogConfig: Setting CVar [[r.MaxAnisotropy:8]]
[2020.06.08-23.00.55:635][  0]LogConfig: Setting CVar [[r.Streaming.LimitPoolSizeToVRAM:0]]
[2020.06.08-23.00.55:635][  0]LogConfig: Setting CVar [[r.Streaming.PoolSize:1000]]
[2020.06.08-23.00.55:635][  0]LogConfig: Setting CVar [[r.Streaming.MaxEffectiveScreenSize:0]]
[2020.06.08-23.00.55:635][  0]LogConfig: Applying CVar settings from Section [EffectsQuality@3] File [G:/UE4/First try/Sequencer/Saved/Config/Windows/Scalability.ini]
[2020.06.08-23.00.55:635][  0]LogConfig: Setting CVar [[r.TranslucencyLightingVolumeDim:64]]
[2020.06.08-23.00.55:635][  0]LogConfig: Setting CVar [[r.RefractionQuality:2]]
[2020.06.08-23.00.55:635][  0]LogConfig: Setting CVar [[r.SSR.Quality:3]]
[2020.06.08-23.00.55:635][  0]LogConfig: Setting CVar [[r.SceneColorFormat:4]]
[2020.06.08-23.00.55:635][  0]LogConfig: Setting CVar [[r.DetailMode:2]]
[2020.06.08-23.00.55:635][  0]LogConfig: Setting CVar [[r.TranslucencyVolumeBlur:1]]
[2020.06.08-23.00.55:635][  0]LogConfig: Setting CVar [[r.MaterialQualityLevel:1 ; High quality]]
[2020.06.08-23.00.55:635][  0]LogConfig: Setting CVar [[r.SSS.Scale:1]]
[2020.06.08-23.00.55:635][  0]LogConfig: Setting CVar [[r.SSS.SampleSet:2]]
[2020.06.08-23.00.55:635][  0]LogConfig: Setting CVar [[r.SSS.Quality:1]]
[2020.06.08-23.00.55:635][  0]LogConfig: Setting CVar [[r.SSS.HalfRes:1]]
[2020.06.08-23.00.55:635][  0]LogConfig: Setting CVar [[r.EmitterSpawnRateScale:1.0]]
[2020.06.08-23.00.55:635][  0]LogConfig: Setting CVar [[r.ParticleLightQuality:2]]
[2020.06.08-23.00.55:635][  0]LogConfig: Applying CVar settings from Section [FoliageQuality@3] File [G:/UE4/First try/Sequencer/Saved/Config/Windows/Scalability.ini]
[2020.06.08-23.00.55:636][  0]LogConfig: Setting CVar [[foliage.DensityScale:1.0]]
[2020.06.08-23.00.55:636][  0]LogConfig: Setting CVar [[grass.DensityScale:1.0]]
[2020.06.08-23.00.55:862][  0]LogInit: Selected Device Profile: [Windows]
[2020.06.08-23.00.55:960][  0]LogInit: Applying CVar settings loaded from the selected device profile: [Windows]
[2020.06.08-23.00.56:110][  0]LogHAL: Display: Platform has ~ 8 GB [8502812672 / 8589934592 / 8], which maps to Default [LargestMinGB=32, LargerMinGB=12, DefaultMinGB=8, SmallerMinGB=6, SmallestMinGB=0)
[2020.06.08-23.00.56:110][  0]LogInit: Going up to parent DeviceProfile []
[2020.06.08-23.00.56:130][  0]LogConfig: Applying CVar settings from Section [ViewDistanceQuality@3] File [G:/UE4/First try/Sequencer/Saved/Config/Windows/Scalability.ini]
[2020.06.08-23.00.56:130][  0]LogConfig: Setting CVar [[r.SkeletalMeshLODBias:0]]
[2020.06.08-23.00.56:130][  0]LogConfig: Setting CVar [[r.ViewDistanceScale:1.0]]
[2020.06.08-23.00.56:130][  0]LogConfig: Applying CVar settings from Section [AntiAliasingQuality@3] File [G:/UE4/First try/Sequencer/Saved/Config/Windows/Scalability.ini]
[2020.06.08-23.00.56:130][  0]LogConfig: Setting CVar [[r.PostProcessAAQuality:4]]
[2020.06.08-23.00.56:130][  0]LogConfig: Applying CVar settings from Section [ShadowQuality@3] File [G:/UE4/First try/Sequencer/Saved/Config/Windows/Scalability.ini]
[2020.06.08-23.00.56:130][  0]LogConfig: Setting CVar [[r.LightFunctionQuality:1]]
[2020.06.08-23.00.56:130][  0]LogConfig: Setting CVar [[r.ShadowQuality:5]]
[2020.06.08-23.00.56:130][  0]LogConfig: Setting CVar [[r.Shadow.CSM.MaxCascades:10]]
[2020.06.08-23.00.56:130][  0]LogConfig: Setting CVar [[r.Shadow.MaxResolution:2048]]
[2020.06.08-23.00.56:130][  0]LogConfig: Setting CVar [[r.Shadow.MaxCSMResolution:2048]]
[2020.06.08-23.00.56:130][  0]LogConfig: Setting CVar [[r.Shadow.RadiusThreshold:0.01]]
[2020.06.08-23.00.56:130][  0]LogConfig: Setting CVar [[r.Shadow.DistanceScale:1.0]]
[2020.06.08-23.00.56:130][  0]LogConfig: Setting CVar [[r.Shadow.CSM.TransitionScale:1.0]]
[2020.06.08-23.00.56:130][  0]LogConfig: Setting CVar [[r.Shadow.PreShadowResolutionFactor:1.0]]
[2020.06.08-23.00.56:131][  0]LogConfig: Setting CVar [[r.DistanceFieldShadowing:1]]
[2020.06.08-23.00.56:131][  0]LogConfig: Setting CVar [[r.DistanceFieldAO:1]]
[2020.06.08-23.00.56:131][  0]LogConfig: Setting CVar [[r.AOQuality:2]]
[2020.06.08-23.00.56:131][  0]LogConfig: Setting CVar [[r.VolumetricFog:1]]
[2020.06.08-23.00.56:131][  0]LogConfig: Setting CVar [[r.VolumetricFog.GridPixelSize:8]]
[2020.06.08-23.00.56:131][  0]LogConfig: Setting CVar [[r.VolumetricFog.GridSizeZ:128]]
[2020.06.08-23.00.56:131][  0]LogConfig: Setting CVar [[r.VolumetricFog.HistoryMissSupersampleCount:4]]
[2020.06.08-23.00.56:131][  0]LogConfig: Setting CVar [[r.LightMaxDrawDistanceScale:1]]
[2020.06.08-23.00.56:131][  0]LogConfig: Setting CVar [[r.CapsuleShadows:1]]
[2020.06.08-23.00.56:131][  0]LogConfig: Applying CVar settings from Section [PostProcessQuality@3] File [G:/UE4/First try/Sequencer/Saved/Config/Windows/Scalability.ini]
[2020.06.08-23.00.56:131][  0]LogConfig: Setting CVar [[r.MotionBlurQuality:4]]
[2020.06.08-23.00.56:131][  0]LogConfig: Setting CVar [[r.AmbientOcclusionMipLevelFactor:0.4]]
[2020.06.08-23.00.56:131][  0]LogConfig: Setting CVar [[r.AmbientOcclusionMaxQuality:100]]
[2020.06.08-23.00.56:131][  0]LogConfig: Setting CVar [[r.AmbientOcclusionLevels:-1]]
[2020.06.08-23.00.56:131][  0]LogConfig: Setting CVar [[r.AmbientOcclusionRadiusScale:1.0]]
[2020.06.08-23.00.56:131][  0]LogConfig: Setting CVar [[r.DepthOfFieldQuality:2]]
[2020.06.08-23.00.56:131][  0]LogConfig: Setting CVar [[r.RenderTargetPoolMin:400]]
[2020.06.08-23.00.56:131][  0]LogConfig: Setting CVar [[r.LensFlareQuality:2]]
[2020.06.08-23.00.56:131][  0]LogConfig: Setting CVar [[r.SceneColorFringeQuality:1]]
[2020.06.08-23.00.56:131][  0]LogConfig: Setting CVar [[r.EyeAdaptationQuality:2]]
[2020.06.08-23.00.56:131][  0]LogConfig: Setting CVar [[r.BloomQuality:5]]
[2020.06.08-23.00.56:131][  0]LogConfig: Setting CVar [[r.FastBlurThreshold:100]]
[2020.06.08-23.00.56:131][  0]LogConfig: Setting CVar [[r.Upscale.Quality:3]]
[2020.06.08-23.00.56:131][  0]LogConfig: Setting CVar [[r.Tonemapper.GrainQuantization:1]]
[2020.06.08-23.00.56:131][  0]LogConfig: Setting CVar [[r.LightShaftQuality:1]]
[2020.06.08-23.00.56:131][  0]LogConfig: Setting CVar [[r.Filter.SizeScale:1]]
[2020.06.08-23.00.56:131][  0]LogConfig: Setting CVar [[r.Tonemapper.Quality:5]]
[2020.06.08-23.00.56:131][  0]LogConfig: Setting CVar [[r.DOF.Gather.AccumulatorQuality:1        ; higher gathering accumulator quality]]
[2020.06.08-23.00.56:131][  0]LogConfig: Setting CVar [[r.DOF.Gather.PostfilterMethod:1          ; Median3x3 postfilering method]]
[2020.06.08-23.00.56:131][  0]LogConfig: Setting CVar [[r.DOF.Gather.EnableBokehSettings:0       ; no bokeh simulation when gathering]]
[2020.06.08-23.00.56:131][  0]LogConfig: Setting CVar [[r.DOF.Gather.RingCount:4                 ; medium number of samples when gathering]]
[2020.06.08-23.00.56:131][  0]LogConfig: Setting CVar [[r.DOF.Scatter.ForegroundCompositing:1    ; additive foreground scattering]]
[2020.06.08-23.00.56:131][  0]LogConfig: Setting CVar [[r.DOF.Scatter.BackgroundCompositing:2    ; additive background scattering]]
[2020.06.08-23.00.56:131][  0]LogConfig: Setting CVar [[r.DOF.Scatter.EnableBokehSettings:1      ; bokeh simulation when scattering]]
[2020.06.08-23.00.56:131][  0]LogConfig: Setting CVar [[r.DOF.Scatter.MaxSpriteRatio:0.1         ; only a maximum of 10% of scattered bokeh]]
[2020.06.08-23.00.56:131][  0]LogConfig: Setting CVar [[r.DOF.Recombine.Quality:1                ; cheap slight out of focus]]
[2020.06.08-23.00.56:131][  0]LogConfig: Setting CVar [[r.DOF.Recombine.EnableBokehSettings:0    ; no bokeh simulation on slight out of focus]]
[2020.06.08-23.00.56:131][  0]LogConfig: Setting CVar [[r.DOF.TemporalAAQuality:1                ; more stable temporal accumulation]]
[2020.06.08-23.00.56:131][  0]LogConfig: Setting CVar [[r.DOF.Kernel.MaxForegroundRadius:0.025]]
[2020.06.08-23.00.56:131][  0]LogConfig: Setting CVar [[r.DOF.Kernel.MaxBackgroundRadius:0.025]]
[2020.06.08-23.00.56:131][  0]LogConfig: Applying CVar settings from Section [TextureQuality@3] File [G:/UE4/First try/Sequencer/Saved/Config/Windows/Scalability.ini]
[2020.06.08-23.00.56:131][  0]LogConfig: Setting CVar [[r.Streaming.MipBias:0]]
[2020.06.08-23.00.56:132][  0]LogConfig: Setting CVar [[r.Streaming.AmortizeCPUToGPUCopy:0]]
[2020.06.08-23.00.56:132][  0]LogConfig: Setting CVar [[r.Streaming.MaxNumTexturesToStreamPerFrame:0]]
[2020.06.08-23.00.56:132][  0]LogConfig: Setting CVar [[r.Streaming.Boost:1]]
[2020.06.08-23.00.56:132][  0]LogConfig: Setting CVar [[r.MaxAnisotropy:8]]
[2020.06.08-23.00.56:132][  0]LogConfig: Setting CVar [[r.Streaming.LimitPoolSizeToVRAM:0]]
[2020.06.08-23.00.56:132][  0]LogConfig: Setting CVar [[r.Streaming.PoolSize:1000]]
[2020.06.08-23.00.56:132][  0]LogConfig: Setting CVar [[r.Streaming.MaxEffectiveScreenSize:0]]
[2020.06.08-23.00.56:132][  0]LogConfig: Applying CVar settings from Section [EffectsQuality@3] File [G:/UE4/First try/Sequencer/Saved/Config/Windows/Scalability.ini]
[2020.06.08-23.00.56:132][  0]LogConfig: Setting CVar [[r.TranslucencyLightingVolumeDim:64]]
[2020.06.08-23.00.56:132][  0]LogConfig: Setting CVar [[r.RefractionQuality:2]]
[2020.06.08-23.00.56:132][  0]LogConfig: Setting CVar [[r.SSR.Quality:3]]
[2020.06.08-23.00.56:132][  0]LogConfig: Setting CVar [[r.SceneColorFormat:4]]
[2020.06.08-23.00.56:132][  0]LogConfig: Setting CVar [[r.DetailMode:2]]
[2020.06.08-23.00.56:132][  0]LogConfig: Setting CVar [[r.TranslucencyVolumeBlur:1]]
[2020.06.08-23.00.56:132][  0]LogConfig: Setting CVar [[r.MaterialQualityLevel:1 ; High quality]]
[2020.06.08-23.00.56:132][  0]LogConfig: Setting CVar [[r.SSS.Scale:1]]
[2020.06.08-23.00.56:132][  0]LogConfig: Setting CVar [[r.SSS.SampleSet:2]]
[2020.06.08-23.00.56:132][  0]LogConfig: Setting CVar [[r.SSS.Quality:1]]
[2020.06.08-23.00.56:132][  0]LogConfig: Setting CVar [[r.SSS.HalfRes:1]]
[2020.06.08-23.00.56:132][  0]LogConfig: Setting CVar [[r.EmitterSpawnRateScale:1.0]]
[2020.06.08-23.00.56:132][  0]LogConfig: Setting CVar [[r.ParticleLightQuality:2]]
[2020.06.08-23.00.56:132][  0]LogConfig: Applying CVar settings from Section [FoliageQuality@3] File [G:/UE4/First try/Sequencer/Saved/Config/Windows/Scalability.ini]
[2020.06.08-23.00.56:132][  0]LogConfig: Setting CVar [[foliage.DensityScale:1.0]]
[2020.06.08-23.00.56:132][  0]LogConfig: Setting CVar [[grass.DensityScale:1.0]]
[2020.06.08-23.00.56:132][  0]LogConfig: Applying CVar settings from Section [Startup] File [../../../Engine/Config/ConsoleVariables.ini]
[2020.06.08-23.00.56:143][  0]LogConfig: Setting CVar [[net.UseAdaptiveNetUpdateFrequency:0]]
[2020.06.08-23.00.56:143][  0]LogConfig: Setting CVar [[p.chaos.AllowCreatePhysxBodies:1]]
[2020.06.08-23.00.56:143][  0]LogConfig: Applying CVar settings from Section [ConsoleVariables] File [G:/UE4/First try/Sequencer/Saved/Config/Windows/Engine.ini]
[2020.06.08-23.00.56:211][  0]LogInit: Computer: DESKTOP-2AEV0ED
[2020.06.08-23.00.56:211][  0]LogInit: User: hp
[2020.06.08-23.00.56:211][  0]LogInit: CPU Page size=4096, Cores=4
[2020.06.08-23.00.56:211][  0]LogInit: High frequency timer resolution =10.000000 MHz
[2020.06.08-23.00.56:246][  0]LogMemory: Memory total: Physical=7.9GB (8GB approx)
[2020.06.08-23.00.56:257][  0]LogMemory: Platform Memory Stats for Windows
[2020.06.08-23.00.56:257][  0]LogMemory: Process Physical Memory: 99.82 MB used, 99.82 MB peak
[2020.06.08-23.00.56:258][  0]LogMemory: Process Virtual Memory: 88.63 MB used, 88.63 MB peak
[2020.06.08-23.00.56:258][  0]LogMemory: Physical Memory: 4908.87 MB used,  3200.05 MB free, 8108.91 MB total
[2020.06.08-23.00.56:258][  0]LogMemory: Virtual Memory: 4651.64 MB used,  134213080.00 MB free, 134217728.00 MB total
[2020.06.08-23.00.56:285][  0]LogWindows: WindowsPlatformFeatures enabled
[2020.06.08-23.00.58:586][  0]LogInit: Using OS detected language (en-US).
[2020.06.08-23.00.58:586][  0]LogInit: Using OS detected locale (en-IN).
[2020.06.08-23.00.58:627][  0]LogTextLocalizationManager: No specific localization for 'en-US' exists, so the 'en' localization will be used.
[2020.06.08-23.00.59:915][  0]LogInit: Setting process to per monitor DPI aware
[2020.06.08-23.01.02:568][  0]LogSlate: New Slate User Created.  User Index 0, Is Virtual User: 0
[2020.06.08-23.01.02:568][  0]LogSlate: Slate User Registered.  User Index 0, Is Virtual User: 0
[2020.06.08-23.01.19:806][  0]LogHMD: Failed to initialize OpenVR with code 110
[2020.06.08-23.01.19:806][  0]LogD3D11RHI: D3D11 adapters:
[2020.06.08-23.01.20:926][  0]LogD3D11RHI:    0. 'Intel(R) UHD Graphics 620' (Feature Level 11_0)
[2020.06.08-23.01.20:926][  0]LogD3D11RHI:       128/0/4054 MB DedicatedVideo/DedicatedSystem/SharedSystem, Outputs:1, VendorId:0x8086
[2020.06.08-23.01.21:051][  0]LogD3D11RHI:    1. 'Microsoft Basic Render Driver' (Feature Level 11_0)
[2020.06.08-23.01.21:051][  0]LogD3D11RHI:       0/0/4054 MB DedicatedVideo/DedicatedSystem/SharedSystem, Outputs:0, VendorId:0x1414
[2020.06.08-23.01.21:051][  0]LogD3D11RHI: Chosen D3D11 Adapter: 0
[2020.06.08-23.01.21:119][  0]LogD3D11RHI: Creating new Direct3DDevice
[2020.06.08-23.01.21:120][  0]LogD3D11RHI:     GPU DeviceId: 0x5917 (for the marketing name, search the web for "GPU Device Id")
[2020.06.08-23.01.21:186][  0]LogWindows: EnumDisplayDevices:
[2020.06.08-23.01.21:186][  0]LogWindows:    0. 'Intel(R) UHD Graphics 620' (P:1 D:1)
[2020.06.08-23.01.21:187][  0]LogWindows:    1. 'Intel(R) UHD Graphics 620' (P:0 D:0)
[2020.06.08-23.01.21:187][  0]LogWindows:    2. 'Intel(R) UHD Graphics 620' (P:0 D:0)
[2020.06.08-23.01.21:187][  0]LogWindows: DebugString: FoundDriverCount:3 
[2020.06.08-23.01.21:187][  0]LogD3D11RHI:     Adapter Name: Intel(R) UHD Graphics 620
[2020.06.08-23.01.21:187][  0]LogD3D11RHI:   Driver Version: 26.20.100.7262 (internal:26.20.100.7262, unified:26.20.100.7262)
[2020.06.08-23.01.21:187][  0]LogD3D11RHI:      Driver Date: 9-25-2019
[2020.06.08-23.01.21:188][  0]LogRHI: Texture pool is 1508 MB (70% of 2155 MB)
[2020.06.08-23.01.23:093][  0]LogD3D11RHI: [IntelMetricsDiscovery] Started
[2020.06.08-23.01.23:118][  0]LogD3D11RHI: Async texture creation enabled
[2020.06.08-23.01.24:922][  0]LogD3D11RHI: GPU Timing Frequency: 12.000048 (Debug: 2 0)
[2020.06.08-23.01.33:757][  0]LogTemp: Display: Module 'AllDesktopTargetPlatform' loaded TargetPlatform 'AllDesktop'
[2020.06.08-23.01.33:963][  0]LogTemp: Display: Module 'MacClientTargetPlatform' loaded TargetPlatform 'MacClient'
[2020.06.08-23.01.34:212][  0]LogTemp: Display: Module 'MacNoEditorTargetPlatform' loaded TargetPlatform 'MacNoEditor'
[2020.06.08-23.01.34:257][  0]LogTemp: Display: Module 'MacServerTargetPlatform' loaded TargetPlatform 'MacServer'
[2020.06.08-23.01.34:400][  0]LogTemp: Display: Module 'MacTargetPlatform' loaded TargetPlatform 'Mac'
[2020.06.08-23.01.34:505][  0]LogTemp: Display: Module 'WindowsClientTargetPlatform' loaded TargetPlatform 'WindowsClient'
[2020.06.08-23.01.34:593][  0]LogTemp: Display: Module 'WindowsNoEditorTargetPlatform' loaded TargetPlatform 'WindowsNoEditor'
[2020.06.08-23.01.34:677][  0]LogTemp: Display: Module 'WindowsServerTargetPlatform' loaded TargetPlatform 'WindowsServer'
[2020.06.08-23.01.34:814][  0]LogTemp: Display: Module 'WindowsTargetPlatform' loaded TargetPlatform 'Windows'
[2020.06.08-23.01.34:943][  0]LogTemp: Display: Module 'AndroidTargetPlatform' loaded TargetPlatform 'Android'
[2020.06.08-23.01.34:943][  0]LogTemp: Display: Module 'AndroidTargetPlatform' loaded TargetPlatform 'Android_ASTC'
[2020.06.08-23.01.34:943][  0]LogTemp: Display: Module 'AndroidTargetPlatform' loaded TargetPlatform 'Android_ATC'
[2020.06.08-23.01.34:943][  0]LogTemp: Display: Module 'AndroidTargetPlatform' loaded TargetPlatform 'Android_DXT'
[2020.06.08-23.01.34:943][  0]LogTemp: Display: Module 'AndroidTargetPlatform' loaded TargetPlatform 'Android_ETC1'
[2020.06.08-23.01.34:943][  0]LogTemp: Display: Module 'AndroidTargetPlatform' loaded TargetPlatform 'Android_ETC1a'
[2020.06.08-23.01.34:943][  0]LogTemp: Display: Module 'AndroidTargetPlatform' loaded TargetPlatform 'Android_ETC2'
[2020.06.08-23.01.34:943][  0]LogTemp: Display: Module 'AndroidTargetPlatform' loaded TargetPlatform 'Android_PVRTC'
[2020.06.08-23.01.34:943][  0]LogTemp: Display: Module 'AndroidTargetPlatform' loaded TargetPlatform 'AndroidClient'
[2020.06.08-23.01.34:943][  0]LogTemp: Display: Module 'AndroidTargetPlatform' loaded TargetPlatform 'Android_ASTCClient'
[2020.06.08-23.01.34:943][  0]LogTemp: Display: Module 'AndroidTargetPlatform' loaded TargetPlatform 'Android_ATCClient'
[2020.06.08-23.01.34:943][  0]LogTemp: Display: Module 'AndroidTargetPlatform' loaded TargetPlatform 'Android_DXTClient'
[2020.06.08-23.01.34:943][  0]LogTemp: Display: Module 'AndroidTargetPlatform' loaded TargetPlatform 'Android_ETC1Client'
[2020.06.08-23.01.34:943][  0]LogTemp: Display: Module 'AndroidTargetPlatform' loaded TargetPlatform 'Android_ETC1aClient'
[2020.06.08-23.01.34:943][  0]LogTemp: Display: Module 'AndroidTargetPlatform' loaded TargetPlatform 'Android_ETC2Client'
[2020.06.08-23.01.34:943][  0]LogTemp: Display: Module 'AndroidTargetPlatform' loaded TargetPlatform 'Android_PVRTCClient'
[2020.06.08-23.01.34:943][  0]LogTemp: Display: Module 'AndroidTargetPlatform' loaded TargetPlatform 'Android_Multi'
[2020.06.08-23.01.34:943][  0]LogTemp: Display: Module 'AndroidTargetPlatform' loaded TargetPlatform 'Android_MultiClient'
[2020.06.08-23.01.35:073][  0]LogTemp: Display: Module 'HTML5TargetPlatform' loaded TargetPlatform 'HTML5'
[2020.06.08-23.01.35:478][  0]LogTemp: Display: Module 'IOSTargetPlatform' loaded TargetPlatform 'IOSClient'
[2020.06.08-23.01.35:479][  0]LogTemp: Display: Module 'IOSTargetPlatform' loaded TargetPlatform 'IOS'
[2020.06.08-23.01.35:515][  0]LogTemp: Display: Module 'TVOSTargetPlatform' loaded TargetPlatform 'TVOSClient'
[2020.06.08-23.01.35:515][  0]LogTemp: Display: Module 'TVOSTargetPlatform' loaded TargetPlatform 'TVOS'
[2020.06.08-23.01.35:619][  0]LogTemp: Display: Module 'LinuxClientTargetPlatform' loaded TargetPlatform 'LinuxClient'
[2020.06.08-23.01.35:642][  0]LogTemp: Display: Module 'LinuxNoEditorTargetPlatform' loaded TargetPlatform 'LinuxNoEditor'
[2020.06.08-23.01.35:720][  0]LogTemp: Display: Module 'LinuxServerTargetPlatform' loaded TargetPlatform 'LinuxServer'
[2020.06.08-23.01.35:867][  0]LogTemp: Display: Module 'LinuxTargetPlatform' loaded TargetPlatform 'Linux'
[2020.06.08-23.01.36:126][  0]LogTemp: Display: Module 'LuminTargetPlatform' loaded TargetPlatform 'Lumin'
[2020.06.08-23.01.36:126][  0]LogTemp: Display: Module 'LuminTargetPlatform' loaded TargetPlatform 'LuminClient'
[2020.06.08-23.01.36:126][  0]LogTargetPlatformManager: Display: Building Assets For Windows
[2020.06.08-23.01.36:578][  0]LogAudioDebug: Display: Lib vorbis DLL was dynamically loaded.
[2020.06.08-23.01.39:672][  0]LogShaderCompilers: Guid format shader working directory is 5 characters bigger than the processId version (../../../../../UE4/First try/Sequencer/Intermediate/Shaders/WorkingDirectory/5320/).
[2020.06.08-23.01.39:672][  0]LogShaderCompilers: Cleaned the shader compiler working directory 'C:/Users/hp/AppData/Local/Temp/UnrealShaderWorkingDir/01C1E3C34353523CDDFD18AB8672BC5D/'.
[2020.06.08-23.01.39:714][  0]LogXGEController: Cleaning working directory: C:/Users/hp/AppData/Local/Temp/UnrealXGEWorkingDir/
[2020.06.08-23.01.39:714][  0]LogXGEController: Cannot use XGE Controller as Incredibuild is not installed on this machine.
[2020.06.08-23.01.39:715][  0]LogShaderCompilers: Cannot use XGE Shader Compiler as Incredibuild is not installed on this machine.
[2020.06.08-23.01.39:715][  0]LogShaderCompilers: Display: Using Local Shader Compiler.
[2020.06.08-23.01.56:106][  0]LogDerivedDataCache: Display: Max Cache Size: 512 MB
[2020.06.08-23.01.57:210][  0]LogDerivedDataCache: Loaded boot cache 1.06s 74MB C:/Users/hp/AppData/Local/UnrealEngine/4.23/DerivedDataCache/Boot.ddc.
[2020.06.08-23.01.57:210][  0]LogDerivedDataCache: Display: Loaded Boot cache: C:/Users/hp/AppData/Local/UnrealEngine/4.23/DerivedDataCache/Boot.ddc
[2020.06.08-23.01.57:211][  0]LogDerivedDataCache: FDerivedDataBackendGraph:  Pak pak cache file ../../../../../UE4/First try/Sequencer/DerivedDataCache/DDC.ddp not found, will not use a pak cache.
[2020.06.08-23.01.57:211][  0]LogDerivedDataCache: Unable to find inner node Pak for hierarchical cache Hierarchy.
[2020.06.08-23.01.57:565][  0]LogDerivedDataCache: Display: Pak cache opened for reading ../../../../../UE4/First try/Sequencer/DerivedDataCache/Compressed.ddp.
[2020.06.08-23.01.57:700][  0]LogDerivedDataCache: Display: Pak cache opened for reading ../../../Engine/DerivedDataCache/Compressed.ddp.
[2020.06.08-23.01.57:700][  0]LogDerivedDataCache: FDerivedDataBackendGraph:  EnterprisePak pak cache file ../../../Enterprise/DerivedDataCache/Compressed.ddp not found, will not use a pak cache.
[2020.06.08-23.01.57:700][  0]LogDerivedDataCache: Unable to find inner node EnterprisePak for hierarchical cache Hierarchy.
[2020.06.08-23.01.57:723][  0]LogDerivedDataCache: Using Local data cache path C:/Users/hp/AppData/Local/UnrealEngine/Common/DerivedDataCache: Writable
[2020.06.08-23.01.57:723][  0]LogDerivedDataCache: Shared data cache path not found in *engine.ini, will not use an Shared cache.
[2020.06.08-23.01.57:723][  0]LogDerivedDataCache: Unable to find inner node Shared for hierarchical cache Hierarchy.
[2020.06.08-23.01.57:992][  0]LogMaterial: Verifying Global Shaders for PCD3D_SM5
[2020.06.08-23.01.58:348][  0]LogSlate: Using FreeType 2.6.0
[2020.06.08-23.01.58:684][  0]LogSlate: SlateFontServices - WITH_FREETYPE: 1, WITH_HARFBUZZ: 1
[2020.06.08-23.02.00:478][  0]LogAssetRegistry: FAssetRegistry took 0.0508 seconds to start up
[2020.06.08-23.02.09:284][  0]LogInit: Selected Device Profile: [Windows]
[2020.06.08-23.02.12:533][  0]LogMeshReduction: Using QuadricMeshReduction for automatic static mesh reduction
[2020.06.08-23.02.12:533][  0]LogMeshReduction: Using SimplygonMeshReduction for automatic skeletal mesh reduction
[2020.06.08-23.02.12:533][  0]LogMeshReduction: Using ProxyLODMeshReduction for automatic mesh merging
[2020.06.08-23.02.12:533][  0]LogMeshReduction: No distributed automatic mesh merging module available
[2020.06.08-23.02.12:534][  0]LogMeshMerging: No distributed automatic mesh merging module available
[2020.06.08-23.02.13:083][  0]LogNetVersion: Sequencer 1.0.0, NetCL: 8386587, EngineNetVer: 11, GameNetVer: 0 (Checksum: 3502785498)
[2020.06.08-23.02.27:136][  0]LogPackageLocalizationCache: Processed 12 localized package path(s) for 1 prioritized culture(s) in 0.279223 seconds
[2020.06.08-23.02.27:176][  0]LogUObjectArray: 43444 objects as part of root set at end of initial load.
[2020.06.08-23.02.27:176][  0]LogUObjectAllocator: 7548648 out of 0 bytes used by permanent object pool.
[2020.06.08-23.02.27:176][  0]LogUObjectArray: CloseDisregardForGC: 0/0 objects in disregard for GC pool
[2020.06.08-23.02.45:772][  0]LogTcpMessaging: Initializing TcpMessaging bridge
[2020.06.08-23.02.45:873][  0]LogUdpMessaging: Initializing bridge on interface 0.0.0.0:0 to multicast group 230.0.0.1:6666.
[2020.06.08-23.02.48:087][  0]SourceControl: Source control is disabled
[2020.06.08-23.02.48:112][  0]SourceControl: Source control is disabled
[2020.06.08-23.02.48:448][  0]SourceControl: Source control is disabled
[2020.06.08-23.02.48:559][  0]SourceControl: Source control is disabled
[2020.06.08-23.02.49:021][  0]LogVSAccessor: Display: Unable to create Visual Studio setup instance: 80040154
[2020.06.08-23.02.49:023][  0]LogVSAccessor: Display: Unable to create Visual Studio setup instance: 80040154
[2020.06.08-23.02.52:586][  0]LogAndroidPermission: UAndroidPermissionCallbackProxy::GetInstance
[2020.06.08-23.02.54:826][  0]LogOcInput: OculusInput pre-init called
[2020.06.08-23.02.55:034][  0]LogWindows: Failed to load 'OVRPlugin.dll' (GetLastError=126)
[2020.06.08-23.02.55:034][  0]LogWindows: File 'OVRPlugin.dll' does not exist
[2020.06.08-23.02.57:736][  0]LogEngine: Initializing Engine...
[2020.06.08-23.02.57:785][  0]LogHMD: Failed to initialize OpenVR with code 110
[2020.06.08-23.02.57:910][  0]LogStats: UGameplayTagsManager::InitializeManager -  0.080 s
[2020.06.08-23.02.59:725][  0]LogInit: Initializing FReadOnlyCVARCache
[2020.06.08-23.03.00:963][  0]LogAIModule: Creating AISystem for world Untitled
[2020.06.08-23.03.01:339][  0]LogInit: XAudio2 using 'Speakers (2- Realtek High Definition Audio)' : 2 channels at 48 kHz using 32 bits per sample (channel mask 0x3)
[2020.06.08-23.03.01:854][  0]LogInit: FAudioDevice initialized.
[2020.06.08-23.03.01:873][  0]LogNetVersion: Set ProjectVersion to 1.0.0.0. Version Checksum will be recalculated on next use.
[2020.06.08-23.03.02:160][  0]LogDerivedDataCache: Saved boot cache 0.29s 74MB C:/Users/hp/AppData/Local/UnrealEngine/4.23/DerivedDataCache/Boot.ddc.
[2020.06.08-23.03.02:176][  0]LogInit: Texture streaming: Enabled
[2020.06.08-23.03.03:049][  0]LogEngineSessionManager: EngineSessionManager initialized
[2020.06.08-23.03.03:052][  0]LogEditorSessionSummary: Verbose: Initializing EditorSessionSummaryWriter for editor session tracking
[2020.06.08-23.03.03:129][  0]LogEditorSessionSummary: EditorSessionSummaryWriter initialized
[2020.06.08-23.03.03:898][  0]LogInit: Transaction tracking system initialized
[2020.06.08-23.03.04:923][  0]BlueprintLog: New page: Editor Load
[2020.06.08-23.03.08:373][  0]LocalizationService: Localization service is disabled
[2020.06.08-23.03.10:595][  0]LogVSAccessor: Display: Unable to create Visual Studio setup instance: 80040154
[2020.06.08-23.03.10:596][  0]LogVSAccessor: Display: Unable to create Visual Studio setup instance: 80040154
[2020.06.08-23.03.14:045][  0]LogFileCache: Scanning file cache for directory 'G:/UE4/First try/Sequencer/Content/' took 0.03s
[2020.06.08-23.03.14:045][  0]LogCook: Display: Max memory allowance for cook 16384mb min free memory 0mb
[2020.06.08-23.03.14:046][  0]LogCook: Display: Mobile HDR setting 1
[2020.06.08-23.03.19:761][  0]SourceControl: Source control is disabled
[2020.06.08-23.03.19:792][  0]Cmd: MAP LOAD FILE="../../../../../UE4/First try/Sequencer/Content/Maps/subwaySequencer_P.umap" TEMPLATE=0 SHOWPROGRESS=1 FEATURELEVEL=3
[2020.06.08-23.03.19:874][  0]LightingResults: New page: Lighting Build
[2020.06.08-23.03.20:486][  0]LogWorld: UWorld::CleanupWorld for Untitled, bSessionEnded=true, bCleanupResources=true
[2020.06.08-23.03.20:683][  0]MapCheck: New page: Map Check
[2020.06.08-23.03.20:683][  0]LightingResults: New page: Lighting Build
[2020.06.08-23.03.21:233][  0]LogUObjectHash: Compacting FUObjectHashTables data took   1.85ms
[2020.06.08-23.03.31:107][  0]LogAIModule: Creating AISystem for world subwaySequencer_P
[2020.06.08-23.03.32:321][  0]LogStreaming: Display: ULevelStreaming::RequestLevel(/Game/Maps/subwaySequencer) is flushing async loading
[2020.06.08-23.03.32:321][  0]LogStreaming: Display: Flushing async loaders.
[2020.06.08-23.03.40:134][  0]LogEditorServer: Finished looking for orphan Actors (0.000 secs)
[2020.06.08-23.03.40:556][  0]LogUObjectHash: Compacting FUObjectHashTables data took   2.28ms
[2020.06.08-23.03.40:575][  0]Cmd: MAP CHECKDEP NOCLEARLOG
[2020.06.08-23.03.40:591][  0]MapCheck: Map check complete: 0 Error(s), 0 Warning(s), took 16.218ms to complete.
[2020.06.08-23.03.40:592][  0]LogFileHelpers: Loading map 'subwaySequencer_P' took 20.807
[2020.06.08-23.03.44:571][  0]LogSlate: Updating window title bar state: overlay mode, drag disabled, window buttons hidden, title bar hidden
[2020.06.08-23.03.44:591][  0]LogSlate: Updating window title bar state: overlay mode, drag disabled, window buttons hidden, title bar hidden
[2020.06.08-23.03.44:605][  0]LogSlate: Updating window title bar state: overlay mode, drag disabled, window buttons hidden, title bar hidden
[2020.06.08-23.03.44:612][  0]LogSlate: Updating window title bar state: overlay mode, drag disabled, window buttons hidden, title bar hidden
[2020.06.08-23.03.45:128][  0]LogCollectionManager: Loaded 0 collections in 0.002868 seconds
[2020.06.08-23.03.45:409][  0]LogFileCache: Scanning file cache for directory 'G:/UE4/First try/Sequencer/Saved/Collections/' took 0.00s
[2020.06.08-23.03.45:409][  0]LogFileCache: Scanning file cache for directory 'G:/UE4/First try/Sequencer/Content/Developers/hp/Collections/' took 0.00s
[2020.06.08-23.03.45:409][  0]LogFileCache: Scanning file cache for directory 'G:/UE4/First try/Sequencer/Content/Collections/' took 0.00s
[2020.06.08-23.03.45:409][  0]LogCollectionManager: Rebuilt the GUID cache for 0 collections in 0.000004 seconds
[2020.06.08-23.03.45:435][  0]LogContentBrowser: Native class hierarchy populated in 0.0221 seconds. Added 2863 classes and 680 folders.
[2020.06.08-23.03.45:665][  0]LogContentBrowser: Native class hierarchy updated for 'WidgetCarousel' in 0.0003 seconds. Added 0 classes and 0 folders.
[2020.06.08-23.03.47:354][  0]LogContentBrowser: Native class hierarchy updated for 'AddContentDialog' in 0.0003 seconds. Added 0 classes and 0 folders.
[2020.06.08-23.03.47:424][  0]LogContentBrowser: Native class hierarchy updated for 'SceneOutliner' in 0.0002 seconds. Added 1 classes and 2 folders.
[2020.06.08-23.03.48:966][  0]LogSlate: Took 0.058404 seconds to synchronously load lazily loaded font '../../../Engine/Content/Slate/Fonts/Roboto-Regular.ttf' (155K)
[2020.06.08-23.03.49:269][  0]LogSlate: Took 0.296355 seconds to synchronously load lazily loaded font '../../../Engine/Content/Slate/Fonts/Roboto-Bold.ttf' (160K)
[2020.06.08-23.03.49:570][  0]LogSlate: Took 0.052728 seconds to synchronously load lazily loaded font '../../../Engine/Content/Editor/Slate/Fonts/FontAwesome.ttf' (139K)
[2020.06.08-23.03.50:772][  0]LogRenderer: Reallocating scene render targets to support 964x460 Format 10 NumSamples 1 (Frame:1).
[2020.06.08-23.03.53:993][  0]LogContentBrowser: Native class hierarchy updated for 'HierarchicalLODOutliner' in 0.0002 seconds. Added 0 classes and 0 folders.
[2020.06.08-23.03.53:993][  0]LogLoad: (Engine Initialization) Total time: 313.33 seconds
[2020.06.08-23.03.53:993][  0]LogLoad: (Engine Initialization) Total Blueprint compile time: 0.00 seconds
[2020.06.08-23.03.54:888][  0]LogContentStreaming: Texture pool size now 1000 MB
[2020.06.08-23.03.55:572][  0]LogSlate: Took 0.143534 seconds to synchronously load lazily loaded font '../../../Engine/Content/Slate/Fonts/Roboto-Light.ttf' (167K)
[2020.06.08-23.03.56:445][  2]LogSlate: Took 0.000139 seconds to synchronously load lazily loaded font '../../../Engine/Content/Slate/Fonts/Roboto-Light.ttf' (167K)
[2020.06.08-23.04.04:577][ 65]LogAssetRegistry: Asset discovery search completed in 124.1432 seconds
[2020.06.08-23.04.04:664][ 65]LogCollectionManager: Rebuilt the object cache for 0 collections in 0.007842 seconds (found 0 objects)
[2020.06.08-23.04.04:664][ 65]LogCollectionManager: Fixed up redirectors for 0 collections in 0.008012 seconds (updated 0 objects)
[2020.06.08-23.04.54:387][213]LogEditorSessionSummary: EditorSessionSummary sent report. Type=Shutdown, SessionId={9E8CC7A9-4B65-9948-9C6C-FD92D279AEC9}
[2020.06.08-23.21.27:683][204]LogSlate: FSceneViewport::OnFocusLost() reason 0
[2020.06.08-23.21.27:777][208]LogUObjectHash: Compacting FUObjectHashTables data took   3.79ms
[2020.06.08-23.21.27:897][208]LogSlate: Window 'Sequencer - Unreal Editor' being destroyed
[2020.06.08-23.21.34:861][209]Cmd: QUIT_EDITOR
[2020.06.08-23.21.42:747][209]LogWindowsTextInputMethodSystem: Display: IME system now deactivated.
[2020.06.08-23.21.43:682][209]LogExit: Preparing to exit.
[2020.06.08-23.21.55:688][209]LogWorld: UWorld::CleanupWorld for None, bSessionEnded=true, bCleanupResources=true
[2020.06.08-23.21.55:688][209]LogWorld: UWorld::CleanupWorld for None, bSessionEnded=true, bCleanupResources=true
[2020.06.08-23.21.55:689][209]LogExit: Editor shut down
[2020.06.08-23.21.55:830][209]LogExit: Transaction tracking system shut down
[2020.06.08-23.21.56:634][209]LogDemo: Cleaned up 0 splitscreen connections with owner deletion
[2020.06.08-23.22.09:920][209]LogAssetRegistry: Error: Failed to open file for write ../../../../../UE4/First try/Sequencer/Intermediate/CachedAssetRegistry.bin
[2020.06.08-23.22.09:920][209]LogExit: Object subsystem successfully closed.
[2020.06.08-23.22.12:708][209]LogShaderCompilers: Display: Shaders left to compile 0
[2020.06.08-23.22.20:012][209]LogModuleManager: Shutting down and abandoning module HierarchicalLODOutliner (670)
[2020.06.08-23.22.20:012][209]LogModuleManager: Shutting down and abandoning module SceneOutliner (668)
[2020.06.08-23.22.20:012][209]LogModuleManager: Shutting down and abandoning module AddContentDialog (666)
[2020.06.08-23.22.20:130][209]LogModuleManager: Shutting down and abandoning module WidgetCarousel (665)
[2020.06.08-23.22.20:130][209]LogModuleManager: Shutting down and abandoning module EditorWidgets (662)
[2020.06.08-23.22.20:130][209]LogModuleManager: Shutting down and abandoning module CollectionManager (660)
[2020.06.08-23.22.20:325][209]LogModuleManager: Shutting down and abandoning module StatsViewer (658)
[2020.06.08-23.22.20:364][209]LogModuleManager: Shutting down and abandoning module VirtualTexturingEditor (656)
[2020.06.08-23.22.20:364][209]LogModuleManager: Shutting down and abandoning module FoliageEdit (654)
[2020.06.08-23.22.20:385][209]LogModuleManager: Shutting down and abandoning module LandscapeEditor (652)
[2020.06.08-23.22.20:537][209]LogModuleManager: Shutting down and abandoning module MeshPaintMode (650)
[2020.06.08-23.22.20:537][209]LogModuleManager: Shutting down and abandoning module SceneDepthPickerMode (648)
[2020.06.08-23.22.20:537][209]LogModuleManager: Shutting down and abandoning module ActorPickerMode (646)
[2020.06.08-23.22.20:537][209]LogModuleManager: Shutting down and abandoning module GeometryMode (644)
[2020.06.08-23.22.20:548][209]LogModuleManager: Shutting down and abandoning module TextureAlignMode (642)
[2020.06.08-23.22.20:549][209]LogModuleManager: Shutting down and abandoning module BspMode (640)
[2020.06.08-23.22.20:549][209]LogModuleManager: Shutting down and abandoning module PIEPreviewDeviceProfileSelector (638)
[2020.06.08-23.22.20:599][209]LogModuleManager: Shutting down and abandoning module SequenceRecorderSections (636)
[2020.06.08-23.22.20:620][209]LogModuleManager: Shutting down and abandoning module AutomationWorker (634)
[2020.06.08-23.22.20:627][209]LogModuleManager: Shutting down and abandoning module OculusMR (632)
[2020.06.08-23.22.20:627][209]LogModuleManager: Shutting down and abandoning module AudioCaptureEditor (630)
[2020.06.08-23.22.20:642][209]LogModuleManager: Shutting down and abandoning module MatineeToLevelSequence (628)
[2020.06.08-23.22.20:668][209]LogModuleManager: Shutting down and abandoning module LevelSequenceEditor (626)
[2020.06.08-23.22.20:775][209]LogModuleManager: Shutting down and abandoning module PlacementMode (625)
[2020.06.08-23.22.20:776][209]LogModuleManager: Shutting down and abandoning module MaterialEditor (624)
[2020.06.08-23.22.20:800][209]LogModuleManager: Shutting down and abandoning module ActorSequenceEditor (620)
[2020.06.08-23.22.20:875][209]LogModuleManager: Shutting down and abandoning module WmfMediaFactory (618)
[2020.06.08-23.22.20:876][209]LogModuleManager: Shutting down and abandoning module WmfMediaEditor (616)
[2020.06.08-23.22.20:876][209]LogModuleManager: Shutting down and abandoning module WebMMediaFactory (614)
[2020.06.08-23.22.20:876][209]LogModuleManager: Shutting down and abandoning module WebMMediaEditor (612)
[2020.06.08-23.22.20:876][209]LogModuleManager: Shutting down and abandoning module WebMMedia (610)
[2020.06.08-23.22.20:895][209]LogModuleManager: Shutting down and abandoning module MediaPlayerEditor (608)
[2020.06.08-23.22.20:978][209]LogModuleManager: Shutting down and abandoning module MediaCompositingEditor (606)
[2020.06.08-23.22.21:128][209]LogModuleManager: Shutting down and abandoning module SequenceRecorder (605)
[2020.06.08-23.22.21:129][209]LogModuleManager: Shutting down and abandoning module OpenExrWrapper (602)
[2020.06.08-23.22.21:129][209]LogModuleManager: Shutting down and abandoning module ImgMediaFactory (600)
[2020.06.08-23.22.21:129][209]LogModuleManager: Shutting down and abandoning module ImgMediaEditor (598)
[2020.06.08-23.22.21:129][209]LogModuleManager: Shutting down and abandoning module AvfMediaFactory (596)
[2020.06.08-23.22.21:129][209]LogModuleManager: Shutting down and abandoning module AvfMediaEditor (594)
[2020.06.08-23.22.21:129][209]LogModuleManager: Shutting down and abandoning module AndroidMediaFactory (592)
[2020.06.08-23.22.21:130][209]LogModuleManager: Shutting down and abandoning module AndroidMediaEditor (590)
[2020.06.08-23.22.21:130][209]LogModuleManager: Shutting down and abandoning module MagicLeapCameraPreviewFactory (588)
[2020.06.08-23.22.21:130][209]LogModuleManager: Shutting down and abandoning module MagicLeapMediaCodecFactory (586)
[2020.06.08-23.22.21:130][209]LogModuleManager: Shutting down and abandoning module MagicLeapMediaFactory (584)
[2020.06.08-23.22.21:130][209]LogModuleManager: Shutting down and abandoning module MagicLeapMediaEditor (582)
[2020.06.08-23.22.21:130][209]LogModuleManager: Shutting down and abandoning module CharacterAI (580)
[2020.06.08-23.22.21:130][209]LogModuleManager: Shutting down and abandoning module SmartSnapping (578)
[2020.06.08-23.22.21:130][209]LogModuleManager: Shutting down and abandoning module SessionServices (576)
[2020.06.08-23.22.21:131][209]LogModuleManager: Shutting down and abandoning module MeshPaint (574)
[2020.06.08-23.22.21:156][209]LogModuleManager: Shutting down and abandoning module ViewportSnapping (572)
[2020.06.08-23.22.21:156][209]LogModuleManager: Shutting down and abandoning module ViewportInteraction (570)
[2020.06.08-23.22.21:156][209]LogModuleManager: Shutting down and abandoning module ClothPainter (568)
[2020.06.08-23.22.21:224][209]LogModuleManager: Shutting down and abandoning module SkeletalMeshEditor (567)
[2020.06.08-23.22.21:270][209]LogModuleManager: Shutting down and abandoning module LogVisualizer (564)
[2020.06.08-23.22.21:304][209]LogModuleManager: Shutting down and abandoning module IntroTutorials (562)
[2020.06.08-23.22.21:525][209]LogModuleManager: Shutting down and abandoning module GameProjectGeneration (561)
[2020.06.08-23.22.21:575][209]LogModuleManager: Shutting down and abandoning module LuminPlatformEditor (558)
[2020.06.08-23.22.21:575][209]LogModuleManager: Shutting down and abandoning module IOSPlatformEditor (556)
[2020.06.08-23.22.21:583][209]LogModuleManager: Shutting down and abandoning module HTML5PlatformEditor (554)
[2020.06.08-23.22.21:583][209]LogModuleManager: Shutting down and abandoning module AndroidPlatformEditor (552)
[2020.06.08-23.22.21:583][209]LogModuleManager: Shutting down and abandoning module AndroidDeviceDetection (551)
[2020.06.08-23.22.22:199][209]LogModuleManager: Shutting down and abandoning module WindowsPlatformEditor (548)
[2020.06.08-23.22.22:200][209]LogModuleManager: Shutting down and abandoning module LuminRuntimeSettings (546)
[2020.06.08-23.22.22:200][209]LogModuleManager: Shutting down and abandoning module IOSRuntimeSettings (544)
[2020.06.08-23.22.22:200][209]LogModuleManager: Shutting down and abandoning module AndroidRuntimeSettings (542)
[2020.06.08-23.22.22:200][209]LogModuleManager: Shutting down and abandoning module TimeManagementEditor (540)
[2020.06.08-23.22.22:200][209]LogModuleManager: Shutting down and abandoning module InputBindingEditor (538)
[2020.06.08-23.22.22:200][209]LogModuleManager: Shutting down and abandoning module MergeActors (536)
[2020.06.08-23.22.22:294][209]LogModuleManager: Shutting down and abandoning module LocalizationDashboard (534)
[2020.06.08-23.22.22:341][209]LogModuleManager: Shutting down and abandoning module LocalizationService (533)
[2020.06.08-23.22.22:382][209]LogModuleManager: Shutting down and abandoning module HardwareTargeting (530)
[2020.06.08-23.22.22:382][209]LogModuleManager: Shutting down and abandoning module DeviceProfileEditor (528)
[2020.06.08-23.22.22:392][209]LogModuleManager: Shutting down and abandoning module UndoHistory (526)
[2020.06.08-23.22.22:403][209]LogModuleManager: Shutting down and abandoning module XmlParser (524)
[2020.06.08-23.22.22:418][209]LogModuleManager: Shutting down and abandoning module Blutility (522)
[2020.06.08-23.22.22:426][209]LogModuleManager: Shutting down and abandoning module ProjectSettingsViewer (520)
[2020.06.08-23.22.22:447][209]LogModuleManager: Shutting down and abandoning module ProjectTargetPlatformEditor (519)
[2020.06.08-23.22.22:451][209]LogModuleManager: Shutting down and abandoning module EditorSettingsViewer (516)
[2020.06.08-23.22.22:467][209]LogModuleManager: Shutting down and abandoning module SettingsEditor (514)
[2020.06.08-23.22.22:715][209]LogModuleManager: Shutting down and abandoning module ProjectLauncher (512)
[2020.06.08-23.22.22:829][209]LogModuleManager: Shutting down and abandoning module SessionFrontend (510)
[2020.06.08-23.22.22:895][209]LogModuleManager: Shutting down and abandoning module ProfilerClient (508)
[2020.06.08-23.22.22:935][209]LogModuleManager: Shutting down and abandoning module DeviceManager (506)
[2020.06.08-23.22.22:946][209]LogModuleManager: Shutting down and abandoning module TargetDeviceServices (505)
[2020.06.08-23.22.23:093][209]LogModuleManager: Shutting down and abandoning module AutomationController (502)
[2020.06.08-23.22.23:178][209]LogModuleManager: Shutting down and abandoning module AutomationWindow (500)
[2020.06.08-23.22.23:220][209]LogModuleManager: Shutting down and abandoning module Layers (498)
[2020.06.08-23.22.23:286][209]LogModuleManager: Shutting down and abandoning module ComponentVisualizers (496)
[2020.06.08-23.22.23:286][209]LogModuleManager: Shutting down and abandoning module DetailCustomizations (494)
[2020.06.08-23.22.23:326][209]LogModuleManager: Shutting down and abandoning module PackagesDialog (492)
[2020.06.08-23.22.23:400][209]LogModuleManager: Shutting down and abandoning module AnimationBlueprintEditor (490)
[2020.06.08-23.22.23:545][209]LogModuleManager: Shutting down and abandoning module Persona (488)
[2020.06.08-23.22.23:660][209]LogModuleManager: Shutting down and abandoning module AdvancedPreviewScene (487)
[2020.06.08-23.22.23:673][209]LogModuleManager: Shutting down and abandoning module AnimGraph (485)
[2020.06.08-23.22.23:673][209]LogModuleManager: Shutting down and abandoning module Kismet (482)
[2020.06.08-23.22.23:811][209]LogModuleManager: Shutting down and abandoning module KismetWidgets (481)
[2020.06.08-23.22.23:820][209]LogModuleManager: Shutting down and abandoning module GraphEditor (478)
[2020.06.08-23.22.23:897][209]LogModuleManager: Shutting down and abandoning module StructViewer (476)
[2020.06.08-23.22.23:897][209]LogModuleManager: Shutting down and abandoning module ClassViewer (474)
[2020.06.08-23.22.23:904][209]LogModuleManager: Shutting down and abandoning module Toolbox (472)
[2020.06.08-23.22.23:923][209]LogModuleManager: Shutting down and abandoning module ModuleUI (470)
[2020.06.08-23.22.23:932][209]LogModuleManager: Shutting down and abandoning module MovieSceneTools (468)
[2020.06.08-23.22.24:285][209]LogModuleManager: Shutting down and abandoning module OutputLog (466)
[2020.06.08-23.22.24:291][209]LogModuleManager: Shutting down and abandoning module GammaUI (464)
[2020.06.08-23.22.24:301][209]LogModuleManager: Shutting down and abandoning module Documentation (462)
[2020.06.08-23.22.24:301][209]LogModuleManager: Shutting down and abandoning module LiveCoding (460)
[2020.06.08-23.22.24:312][209]LogModuleManager: Shutting down and abandoning module LevelSequence (458)
[2020.06.08-23.22.24:330][209]LogModuleManager: Shutting down and abandoning module MovieSceneTracks (456)
[2020.06.08-23.22.24:330][209]LogModuleManager: Shutting down and abandoning module MovieScene (454)
[2020.06.08-23.22.24:330][209]LogModuleManager: Shutting down and abandoning module StreamingPauseRendering (452)
[2020.06.08-23.22.24:388][209]LogModuleManager: Shutting down and abandoning module LauncherPlatform (450)
[2020.06.08-23.22.24:388][209]LogModuleManager: Shutting down and abandoning module AnalyticsET (448)
[2020.06.08-23.22.24:388][209]LogModuleManager: Shutting down and abandoning module PortalServices (446)
[2020.06.08-23.22.24:388][209]LogModuleManager: Shutting down and abandoning module PortalRpc (444)
[2020.06.08-23.22.24:388][209]LogModuleManager: Shutting down and abandoning module MessagingRpc (442)
[2020.06.08-23.22.24:388][209]LogModuleManager: Shutting down and abandoning module AIModule (440)
[2020.06.08-23.22.24:476][209]LogModuleManager: Shutting down and abandoning module GameplayDebugger (439)
[2020.06.08-23.22.24:476][209]LogModuleManager: Shutting down and abandoning module AITestSuite (437)
[2020.06.08-23.22.24:523][209]LogModuleManager: Shutting down and abandoning module NavigationSystem (435)
[2020.06.08-23.22.24:523][209]LogModuleManager: Shutting down and abandoning module DesktopPlatform (432)
[2020.06.08-23.22.24:550][209]LogModuleManager: Shutting down and abandoning module ImageWriteQueue (430)
[2020.06.08-23.22.24:558][209]LogModuleManager: Shutting down and abandoning module ProfilerService (428)
[2020.06.08-23.22.24:676][209]LogModuleManager: Shutting down and abandoning module TaskGraph (426)
[2020.06.08-23.22.24:770][209]LogModuleManager: Shutting down and abandoning module ScreenshotTools (424)
[2020.06.08-23.22.24:770][209]LogModuleManager: Shutting down and abandoning module SteamVRController (422)
[2020.06.08-23.22.24:770][209]LogModuleManager: Shutting down and abandoning module ProceduralMeshComponentEditor (420)
[2020.06.08-23.22.24:788][209]LogModuleManager: Shutting down and abandoning module ProceduralMeshComponent (418)
[2020.06.08-23.22.24:795][209]LogModuleManager: Shutting down and abandoning module OculusEditor (416)
[2020.06.08-23.22.24:860][209]LogModuleManager: Shutting down and abandoning module OculusInput (414)
[2020.06.08-23.22.24:860][209]LogModuleManager: Shutting down and abandoning module MobilePatchingUtils (412)
[2020.06.08-23.22.24:860][209]LogModuleManager: Shutting down and abandoning module EditableMesh (410)
[2020.06.08-23.22.24:872][209]LogModuleManager: Shutting down and abandoning module CustomMeshComponent (408)
[2020.06.08-23.22.24:872][209]LogModuleManager: Shutting down and abandoning module CableComponent (406)
[2020.06.08-23.22.24:873][209]LogModuleManager: Shutting down and abandoning module AudioCapture (404)
[2020.06.08-23.22.24:873][209]LogModuleManager: Shutting down and abandoning module ArchVisCharacter (402)
[2020.06.08-23.22.24:873][209]LogModuleManager: Shutting down and abandoning module AppleImageUtilsBlueprintSupport (400)
[2020.06.08-23.22.24:873][209]LogModuleManager: Shutting down and abandoning module AppleImageUtils (398)
[2020.06.08-23.22.24:873][209]LogModuleManager: Shutting down and abandoning module AndroidPermission (396)
[2020.06.08-23.22.24:873][209]LogModuleManager: Shutting down and abandoning module PerformanceMonitor (394)
[2020.06.08-23.22.24:886][209]LogModuleManager: Shutting down and abandoning module NUTUnrealEngine4 (392)
[2020.06.08-23.22.24:937][209]LogModuleManager: Shutting down and abandoning module NetcodeUnitTest (390)
[2020.06.08-23.22.25:090][209]LogModuleManager: Shutting down and abandoning module MediaCompositing (388)
[2020.06.08-23.22.25:090][209]LogModuleManager: Shutting down and abandoning module ImgMedia (386)
[2020.06.08-23.22.25:106][209]LogModuleManager: Shutting down and abandoning module MagicLeapHelperVulkan (384)
[2020.06.08-23.22.25:106][209]LogModuleManager: Shutting down and abandoning module MagicLeapHelperOpenGL (382)
[2020.06.08-23.22.25:106][209]LogModuleManager: Shutting down and abandoning module MagicLeapAudio (380)
[2020.06.08-23.22.25:116][209]LogModuleManager: Shutting down and abandoning module HTML5Networking (378)
[2020.06.08-23.22.25:116][209]LogModuleManager: Shutting down and abandoning module GeometryCacheTracks (376)
[2020.06.08-23.22.25:116][209]LogModuleManager: Shutting down and abandoning module GeometryCacheSequencer (374)
[2020.06.08-23.22.25:153][209]LogModuleManager: Shutting down and abandoning module BackChannel (372)
[2020.06.08-23.22.25:161][209]LogModuleManager: Shutting down and abandoning module AutomationUtilsEditor (370)
[2020.06.08-23.22.25:161][209]LogModuleManager: Shutting down and abandoning module AutomationUtils (368)
[2020.06.08-23.22.25:174][209]LogModuleManager: Shutting down and abandoning module AlembicImporter (366)
[2020.06.08-23.22.25:207][209]LogModuleManager: Shutting down and abandoning module AlembicLibrary (365)
[2020.06.08-23.22.25:212][209]LogModuleManager: Shutting down and abandoning module GeometryCache (364)
[2020.06.08-23.22.25:212][209]LogModuleManager: Shutting down and abandoning module GeometryCacheEd (363)
[2020.06.08-23.22.25:212][209]LogModuleManager: Shutting down and abandoning module VariantManagerContent (358)
[2020.06.08-23.22.25:225][209]LogModuleManager: Shutting down and abandoning module DatasmithContentEditor (356)
[2020.06.08-23.22.25:239][209]LogModuleManager: Shutting down and abandoning module SpeedTreeImporter (354)
[2020.06.08-23.22.25:239][209]LogModuleManager: Shutting down and abandoning module PluginBrowser (352)
[2020.06.08-23.22.25:442][209]LogModuleManager: Shutting down and abandoning module MobileLauncherProfileWizard (350)
[2020.06.08-23.22.25:457][209]LogModuleManager: Shutting down and abandoning module MaterialAnalyzer (348)
[2020.06.08-23.22.25:487][209]LogModuleManager: Shutting down and abandoning module CurveEditorTools (346)
[2020.06.08-23.22.25:671][209]LogModuleManager: Shutting down and abandoning module CurveEditor (345)
[2020.06.08-23.22.25:710][209]LogModuleManager: Shutting down and abandoning module CryptoKeysOpenSSL (342)
[2020.06.08-23.22.25:710][209]LogModuleManager: Shutting down and abandoning module CryptoKeys (340)
[2020.06.08-23.22.25:726][209]LogModuleManager: Shutting down and abandoning module VisualStudioSourceCodeAccess (338)
[2020.06.08-23.22.25:817][209]LogModuleManager: Shutting down and abandoning module VisualStudioCodeSourceCodeAccess (336)
[2020.06.08-23.22.25:836][209]LogModuleManager: Shutting down and abandoning module UObjectPlugin (334)
[2020.06.08-23.22.25:836][209]LogModuleManager: Shutting down and abandoning module SubversionSourceControl (332)
[2020.06.08-23.22.25:986][209]LogModuleManager: Shutting down and abandoning module PerforceSourceControl (330)
[2020.06.08-23.22.26:102][209]LogModuleManager: Shutting down and abandoning module GitSourceControl (328)
[2020.06.08-23.22.26:158][209]LogModuleManager: Shutting down and abandoning module SourceControl (327)
[2020.06.08-23.22.26:347][209]LogModuleManager: Shutting down and abandoning module CLionSourceCodeAccess (324)
[2020.06.08-23.22.26:637][209]LogModuleManager: Shutting down and abandoning module AnimationSharingEd (322)
[2020.06.08-23.22.26:638][209]LogModuleManager: Shutting down and abandoning module ActorLayerUtilitiesEditor (320)
[2020.06.08-23.22.26:931][209]LogModuleManager: Shutting down and abandoning module ActorLayerUtilities (318)
[2020.06.08-23.22.26:931][209]LogModuleManager: Shutting down and abandoning module LightPropagationVolumeEditor (316)
[2020.06.08-23.22.26:931][209]LogModuleManager: Shutting down and abandoning module PaperTiledImporter (314)
[2020.06.08-23.22.26:931][209]LogModuleManager: Shutting down and abandoning module PaperSpriteSheetImporter (312)
[2020.06.08-23.22.27:314][209]LogModuleManager: Shutting down and abandoning module Paper2DEditor (310)
[2020.06.08-23.22.28:357][209]LogModuleManager: Shutting down and abandoning module SignificanceManager (308)
[2020.06.08-23.22.28:357][209]LogModuleManager: Shutting down and abandoning module RuntimePhysXCooking (306)
[2020.06.08-23.22.28:357][209]LogModuleManager: Shutting down and abandoning module PhysXVehiclesEditor (304)
[2020.06.08-23.22.28:357][209]LogModuleManager: Shutting down and abandoning module LocationServicesBPLibrary (300)
[2020.06.08-23.22.28:357][209]LogModuleManager: Shutting down and abandoning module ActorSequence (298)
[2020.06.08-23.22.28:358][209]LogModuleManager: Shutting down and abandoning module UdpMessaging (296)
[2020.06.08-23.22.28:458][209]LogModuleManager: Shutting down and abandoning module TcpMessaging (294)
[2020.06.08-23.22.28:996][209]LogModuleManager: Shutting down and abandoning module MagicLeapIdentity (292)
[2020.06.08-23.22.29:015][209]LogModuleManager: Shutting down and abandoning module MagicLeapSecureStorage (290)
[2020.06.08-23.22.29:015][209]LogModuleManager: Shutting down and abandoning module MagicLeapHandTracking (288)
[2020.06.08-23.22.29:052][209]LogModuleManager: Shutting down and abandoning module MagicLeapEyeTracker (286)
[2020.06.08-23.22.29:052][209]LogModuleManager: Shutting down and abandoning module MagicLeapController (284)
[2020.06.08-23.22.29:110][209]LogSlate: Slate User Destroyed.  User Index 0, Is Virtual User: 0
[2020.06.08-23.22.29:111][209]LogModuleManager: Shutting down and abandoning module MagicLeapAR (282)
[2020.06.08-23.22.29:126][209]LogModuleManager: Shutting down and abandoning module AugmentedReality (281)
[2020.06.08-23.22.29:126][209]LogModuleManager: Shutting down and abandoning module GameplayTagsEditor (278)
[2020.06.08-23.22.29:277][209]LogModuleManager: Shutting down and abandoning module FacialAnimationEditor (276)
[2020.06.08-23.22.29:599][209]LogModuleManager: Shutting down and abandoning module FacialAnimation (274)
[2020.06.08-23.22.29:599][209]LogModuleManager: Shutting down and abandoning module DataValidation (272)
[2020.06.08-23.22.29:844][209]LogModuleManager: Shutting down and abandoning module AssetManagerEditor (270)
[2020.06.08-23.22.30:165][209]LogModuleManager: Shutting down and abandoning module LevelEditor (269)
[2020.06.08-23.22.30:500][209]LogModuleManager: Shutting down and abandoning module PixelInspectorModule (268)
[2020.06.08-23.22.30:571][209]LogModuleManager: Shutting down and abandoning module CommonMenuExtensions (266)
[2020.06.08-23.22.30:589][209]LogModuleManager: Shutting down and abandoning module MainFrame (264)
[2020.06.08-23.22.30:636][209]LogModuleManager: Shutting down and abandoning module HotReload (263)
[2020.06.08-23.22.30:961][209]LogModuleManager: Shutting down and abandoning module ContentBrowser (259)
[2020.06.08-23.22.30:975][209]LogModuleManager: Shutting down and abandoning module TreeMap (257)
[2020.06.08-23.22.31:457][209]LogModuleManager: Shutting down and abandoning module AnimationSharing (254)
[2020.06.08-23.22.31:457][209]LogModuleManager: Shutting down and abandoning module LightPropagationVolumeRuntime (252)
[2020.06.08-23.22.31:457][209]LogModuleManager: Shutting down and abandoning module Paper2D (250)
[2020.06.08-23.22.31:682][209]LogModuleManager: Shutting down and abandoning module WindowsMoviePlayer (248)
[2020.06.08-23.22.32:632][209]LogModuleManager: Shutting down and abandoning module WebMMoviePlayer (246)
[2020.06.08-23.22.32:632][209]LogModuleManager: Shutting down and abandoning module NetworkReplayStreaming (244)
[2020.06.08-23.22.32:632][209]LogModuleManager: Shutting down and abandoning module PacketHandler (242)
[2020.06.08-23.22.32:632][209]LogModuleManager: Shutting down and abandoning module ClothingSystemEditor (240)
[2020.06.08-23.22.32:632][209]LogModuleManager: Shutting down and abandoning module ClothingSystemRuntime (238)
[2020.06.08-23.22.32:862][209]LogModuleManager: Shutting down and abandoning module MediaAssets (236)
[2020.06.08-23.22.32:870][209]LogModuleManager: Shutting down and abandoning module Overlay (234)
[2020.06.08-23.22.32:870][209]LogModuleManager: Shutting down and abandoning module OverlayEditor (233)
[2020.06.08-23.22.32:870][209]LogModuleManager: Shutting down and abandoning module VREditor (230)
[2020.06.08-23.22.32:925][209]LogModuleManager: Shutting down and abandoning module StringTableEditor (228)
[2020.06.08-23.22.32:937][209]LogModuleManager: Shutting down and abandoning module GameplayTasksEditor (226)
[2020.06.08-23.22.32:937][209]LogModuleManager: Shutting down and abandoning module BehaviorTreeEditor (224)
[2020.06.08-23.22.33:267][209]LogModuleManager: Shutting down and abandoning module FunctionalTesting (222)
[2020.06.08-23.22.33:575][209]LogModuleManager: Shutting down and abandoning module CollisionAnalyzer (220)
[2020.06.08-23.22.33:952][209]LogModuleManager: Shutting down and abandoning module WorkspaceMenuStructure (219)
[2020.06.08-23.22.33:968][209]LogModuleManager: Shutting down and abandoning module UMG (216)
[2020.06.08-23.22.34:160][209]LogModuleManager: Shutting down and abandoning module UMGEditor (215)
[2020.06.08-23.22.35:075][209]LogModuleManager: Shutting down and abandoning module Sequencer (214)
[2020.06.08-23.22.35:483][209]LogModuleManager: Shutting down and abandoning module MessageLog (211)
[2020.06.08-23.22.35:483][209]LogModuleManager: Shutting down and abandoning module SlateReflector (206)
[2020.06.08-23.22.35:924][209]LogModuleManager: Shutting down and abandoning module Slate (204)
[2020.06.08-23.22.35:924][209]LogModuleManager: Shutting down and abandoning module LandscapeEditorUtilities (202)
[2020.06.08-23.22.35:925][209]LogModuleManager: Shutting down and abandoning module EditorStyle (200)
[2020.06.08-23.22.36:018][209]LogModuleManager: Shutting down and abandoning module UnrealEd (198)
[2020.06.08-23.22.36:075][209]LogModuleManager: Shutting down and abandoning module MRMesh (196)
[2020.06.08-23.22.36:075][209]LogModuleManager: Shutting down and abandoning module SourceCodeAccess (194)
[2020.06.08-23.22.36:075][209]LogModuleManager: Shutting down and abandoning module HeadMountedDisplay (192)
[2020.06.08-23.22.36:133][209]LogModuleManager: Shutting down and abandoning module XAudio2 (190)
[2020.06.08-23.22.36:133][209]LogModuleManager: Shutting down and abandoning module Networking (188)
[2020.06.08-23.22.36:133][209]LogModuleManager: Shutting down and abandoning module Core (186)
[2020.06.08-23.22.36:257][209]LogModuleManager: Shutting down and abandoning module KismetCompiler (184)
[2020.06.08-23.22.36:257][209]LogModuleManager: Shutting down and abandoning module MeshUtilities (182)
[2020.06.08-23.22.36:775][209]LogModuleManager: Shutting down and abandoning module MeshMergeUtilities (181)
[2020.06.08-23.22.37:114][209]LogModuleManager: Shutting down and abandoning module MeshReductionInterface (180)
[2020.06.08-23.22.37:114][209]LogModuleManager: Shutting down and abandoning module SkeletalMeshReduction (179)
[2020.06.08-23.22.37:438][209]LogModuleManager: Shutting down and abandoning module ProxyLODMeshReduction (177)
[2020.06.08-23.22.37:958][209]LogModuleManager: Shutting down and abandoning module QuadricMeshReduction (175)
[2020.06.08-23.22.37:976][209]LogModuleManager: Shutting down and abandoning module MaterialBaking (171)
[2020.06.08-23.22.37:995][209]LogModuleManager: Shutting down and abandoning module NullInstallBundleManager (166)
[2020.06.08-23.22.37:995][209]LogModuleManager: Shutting down and abandoning module DerivedDataCache (164)
[2020.06.08-23.22.37:995][209]LogDerivedDataCache: Shutdown
[2020.06.08-23.22.37:995][209]LogModuleManager: Shutting down and abandoning module XGEController (162)
[2020.06.08-23.22.38:033][209]LogXGEController: Cleaning working directory: C:/Users/hp/AppData/Local/Temp/UnrealXGEWorkingDir/
[2020.06.08-23.22.38:033][209]LogModuleManager: Shutting down and abandoning module TargetPlatform (160)
[2020.06.08-23.22.38:216][209]LogModuleManager: Shutting down and abandoning module VulkanShaderFormat (159)
[2020.06.08-23.22.38:339][209]LogModuleManager: Shutting down and abandoning module ShaderFormatVectorVM (157)
[2020.06.08-23.22.38:352][209]LogModuleManager: Shutting down and abandoning module ShaderFormatOpenGL (155)
[2020.06.08-23.22.38:544][209]LogModuleManager: Shutting down and abandoning module ShaderFormatD3D (153)
[2020.06.08-23.22.38:729][209]LogModuleManager: Shutting down and abandoning module MetalShaderFormat (151)
[2020.06.08-23.22.39:063][209]LogModuleManager: Shutting down and abandoning module TextureFormatUncompressed (149)
[2020.06.08-23.22.39:063][209]LogModuleManager: Shutting down and abandoning module TextureFormatPVR (147)
[2020.06.08-23.22.39:064][209]LogModuleManager: Shutting down and abandoning module TextureFormatDXT (145)
[2020.06.08-23.22.39:258][209]LogModuleManager: Shutting down and abandoning module TextureFormatIntelISPCTexComp (143)
[2020.06.08-23.22.39:296][209]LogModuleManager: Shutting down and abandoning module TextureFormatASTC (141)
[2020.06.08-23.22.39:297][209]LogModuleManager: Shutting down and abandoning module ImageWrapper (140)
[2020.06.08-23.22.39:297][209]LogModuleManager: Shutting down and abandoning module TextureFormatAndroid (137)
[2020.06.08-23.22.39:297][209]LogModuleManager: Shutting down and abandoning module AudioFormatOpus (135)
[2020.06.08-23.22.39:307][209]LogModuleManager: Shutting down and abandoning module AudioFormatOgg (133)
[2020.06.08-23.22.39:313][209]LogModuleManager: Shutting down and abandoning module AudioFormatADPCM (131)
[2020.06.08-23.22.39:313][209]LogModuleManager: Shutting down and abandoning module LuminTargetPlatform (129)
[2020.06.08-23.22.39:792][209]LogModuleManager: Shutting down and abandoning module LinuxTargetPlatform (127)
[2020.06.08-23.22.39:792][209]LogModuleManager: Shutting down and abandoning module LinuxServerTargetPlatform (125)
[2020.06.08-23.22.39:853][209]LogModuleManager: Shutting down and abandoning module LinuxNoEditorTargetPlatform (123)
[2020.06.08-23.22.39:907][209]LogModuleManager: Shutting down and abandoning module LinuxClientTargetPlatform (121)
[2020.06.08-23.22.40:106][209]LogModuleManager: Shutting down and abandoning module TVOSTargetPlatform (119)
[2020.06.08-23.22.40:152][209]LogModuleManager: Shutting down and abandoning module Messaging (117)
[2020.06.08-23.22.40:152][209]LogModuleManager: Shutting down and abandoning module IOSTargetPlatform (115)
[2020.06.08-23.22.40:231][209]LogModuleManager: Shutting down and abandoning module HTML5TargetPlatform (113)
[2020.06.08-23.22.40:434][209]LogModuleManager: Shutting down and abandoning module AndroidTargetPlatform (111)
[2020.06.08-23.22.41:484][209]LogModuleManager: Shutting down and abandoning module WindowsTargetPlatform (109)
[2020.06.08-23.22.41:485][209]LogModuleManager: Shutting down and abandoning module WindowsServerTargetPlatform (107)
[2020.06.08-23.22.41:641][209]LogModuleManager: Shutting down and abandoning module WindowsNoEditorTargetPlatform (105)
[2020.06.08-23.22.41:849][209]LogModuleManager: Shutting down and abandoning module WindowsClientTargetPlatform (103)
[2020.06.08-23.22.41:860][209]LogModuleManager: Shutting down and abandoning module MacTargetPlatform (101)
[2020.06.08-23.22.41:861][209]LogModuleManager: Shutting down and abandoning module MacServerTargetPlatform (99)
[2020.06.08-23.22.41:861][209]LogModuleManager: Shutting down and abandoning module MacNoEditorTargetPlatform (97)
[2020.06.08-23.22.41:879][209]LogModuleManager: Shutting down and abandoning module MacClientTargetPlatform (95)
[2020.06.08-23.22.41:880][209]LogModuleManager: Shutting down and abandoning module AllDesktopTargetPlatform (93)
[2020.06.08-23.22.41:880][209]LogModuleManager: Shutting down and abandoning module InputCore (90)
[2020.06.08-23.22.41:880][209]LogModuleManager: Shutting down and abandoning module Settings (88)
[2020.06.08-23.22.41:880][209]LogModuleManager: Shutting down and abandoning module DirectoryWatcher (86)
[2020.06.08-23.22.41:882][209]LogModuleManager: Shutting down and abandoning module PhysXCooking (84)
[2020.06.08-23.22.41:882][209]LogModuleManager: Shutting down and abandoning module WindowsPlatformFeatures (82)
[2020.06.08-23.22.41:884][209]LogModuleManager: Shutting down and abandoning module GameplayMediaEncoder (81)
[2020.06.08-23.22.42:060][209]LogModuleManager: Shutting down and abandoning module SteamVR (78)
[2020.06.08-23.22.42:402][209]LogHMD: Freeing OpenVRDLLHandle.
[2020.06.08-23.22.42:483][209]LogModuleManager: Shutting down and abandoning module OculusHMD (76)
[2020.06.08-23.22.42:765][209]LogModuleManager: Shutting down and abandoning module ExampleDeviceProfileSelector (74)
[2020.06.08-23.22.42:765][209]LogModuleManager: Shutting down and abandoning module LauncherChunkInstaller (72)
[2020.06.08-23.22.42:765][209]LogModuleManager: Shutting down and abandoning module OnlineBlueprintSupport (70)
[2020.06.08-23.22.42:765][209]LogModuleManager: Shutting down and abandoning module OnlineSubsystem (66)
[2020.06.08-23.22.42:899][209]LogModuleManager: Shutting down and abandoning module XMPP (61)
[2020.06.08-23.22.42:981][209]LogModuleManager: Shutting down and abandoning module WebSockets (60)
[2020.06.08-23.22.43:542][209]LogModuleManager: Shutting down and abandoning module HTTP (57)
[2020.06.08-23.22.43:542][209]LogHttp: Display: Http module shutting down, but needs to wait on 1 outstanding Http requests:
[2020.06.08-23.22.43:542][209]LogHttp: Display: 	verb=[POST] url=[https://datarouter.ol.epicgames.com/datarouter/api/v1/public/data?SessionID=%7BA5B8AF74-481F-1F61-17D2-18990EAE9FBD%7D&AppID=UEEditor.Rocket.Release&AppVersion=4.23.1-9631420%2B%2B%2BUE4%2BRelease-4.23&UserID=45cdb75c46050cc25b5994befe0f2122%7C0de5764f4c364ff38c5c8f4c49fce916%7C61f7e86a-8cc6-4fd6-bcfa-069bb5c4a7f6&AppEnvironment=datacollector-binary&UploadType=eteventstream] status=Processing
[2020.06.08-23.22.43:551][209]LogModuleManager: Shutting down and abandoning module SSL (56)
[2020.06.08-23.22.44:230][209]LogModuleManager: Shutting down and abandoning module WmfMedia (52)
[2020.06.08-23.22.44:738][209]LogModuleManager: Shutting down and abandoning module Media (51)
[2020.06.08-23.22.44:815][209]LogModuleManager: Shutting down and abandoning module MagicLeap (48)
[2020.06.08-23.22.44:901][209]LogModuleManager: Shutting down and abandoning module DatasmithContent (46)
[2020.06.08-23.22.44:902][209]LogModuleManager: Shutting down and abandoning module AISupportModule (44)
[2020.06.08-23.22.44:902][209]LogModuleManager: Shutting down and abandoning module PlatformCryptoOpenSSL (42)
[2020.06.08-23.22.44:939][209]LogModuleManager: Shutting down and abandoning module PlatformCrypto (40)
[2020.06.08-23.22.44:939][209]LogModuleManager: Shutting down and abandoning module AnimationModifiers (38)
[2020.06.08-23.22.45:149][209]LogModuleManager: Shutting down and abandoning module PropertyEditor (37)
[2020.06.08-23.22.45:533][209]LogModuleManager: Shutting down and abandoning module AudioEditor (34)
[2020.06.08-23.22.45:925][209]LogModuleManager: Shutting down and abandoning module TextureCompressor (32)
[2020.06.08-23.22.46:128][209]LogModuleManager: Shutting down and abandoning module RenderCore (30)
[2020.06.08-23.22.46:128][209]LogModuleManager: Shutting down and abandoning module Landscape (28)
[2020.06.08-23.22.46:128][209]LogModuleManager: Shutting down and abandoning module SlateRHIRenderer (26)
[2020.06.08-23.22.46:489][209]LogModuleManager: Shutting down and abandoning module OpenGLDrv (24)
[2020.06.08-23.22.46:526][209]LogModuleManager: Shutting down and abandoning module D3D11RHI (22)
[2020.06.08-23.22.46:526][209]LogModuleManager: Shutting down and abandoning module AnimGraphRuntime (20)
[2020.06.08-23.22.46:526][209]LogModuleManager: Shutting down and abandoning module Renderer (18)
[2020.06.08-23.22.46:526][209]LogModuleManager: Shutting down and abandoning module Engine (16)
[2020.06.08-23.22.46:557][209]LogModuleManager: Shutting down and abandoning module CoreUObject (14)
[2020.06.08-23.22.46:557][209]LogModuleManager: Shutting down and abandoning module NetworkFile (12)
[2020.06.08-23.22.46:628][209]LogModuleManager: Shutting down and abandoning module CookedIterativeFile (10)
[2020.06.08-23.22.46:628][209]LogModuleManager: Shutting down and abandoning module StreamingFile (8)
[2020.06.08-23.22.46:719][209]LogModuleManager: Shutting down and abandoning module SandboxFile (6)
[2020.06.08-23.22.46:719][209]LogModuleManager: Shutting down and abandoning module PakFile (4)
[2020.06.08-23.22.46:791][209]LogModuleManager: Shutting down and abandoning module RSA (3)
[2020.06.08-23.22.46:802][209]LogD3D11RHI: Shutdown
[2020.06.08-23.22.46:812][209]LogD3D11RHI: CleanupD3DDevice
[2020.06.08-23.22.47:880][209]LogRendererCore: FGlobalDynamicReadBuffer::Cleanup()
[2020.06.08-23.22.47:914][209]LogRendererCore: FGlobalDynamicReadBuffer::Cleanup()
[2020.06.08-23.22.47:914][209]LogRendererCore: FGlobalDynamicReadBuffer::Cleanup()
[2020.06.08-23.22.50:524][209]LogD3D11RHI: [IntelMetricsDiscovery] Stopped
[2020.06.08-23.22.52:545][209]LogD3D11RHI: ~FD3D11DynamicRHI
[2020.06.08-23.22.52:754][209]LogExit: Exiting.
[2020.06.08-23.22.53:502][209]Log file closed, 06/08/20 16:22:53
